[2024-07-30 20:31:20] local.ERROR: syntax error, unexpected end of file {"exception":"[object] (ParseError(code: 0): syntax error, unexpected end of file at D:\\Belajar\\Laravel\\Sanbercode\\Tugas 6\\IM-Sanbercode-Laravel-Web-Dev\\tugas12\\routes\\web.php:20)
[stacktrace]
#0 D:\\Belajar\\Laravel\\Sanbercode\\Tugas 6\\IM-Sanbercode-Laravel-Web-Dev\\tugas12\\vendor\\laravel\\framework\\src\\Illuminate\\Routing\\Router.php(511): Illuminate\\Routing\\RouteFileRegistrar->register('D:\\\\Belajar\\\\Lara...')
#1 D:\\Belajar\\Laravel\\Sanbercode\\Tugas 6\\IM-Sanbercode-Laravel-Web-Dev\\tugas12\\vendor\\laravel\\framework\\src\\Illuminate\\Routing\\Router.php(465): Illuminate\\Routing\\Router->loadRoutes('D:\\\\Belajar\\\\Lara...')
#2 D:\\Belajar\\Laravel\\Sanbercode\\Tugas 6\\IM-Sanbercode-Laravel-Web-Dev\\tugas12\\vendor\\laravel\\framework\\src\\Illuminate\\Routing\\RouteRegistrar.php(194): Illuminate\\Routing\\Router->group(Array, 'D:\\\\Belajar\\\\Lara...')
#3 D:\\Belajar\\Laravel\\Sanbercode\\Tugas 6\\IM-Sanbercode-Laravel-Web-Dev\\tugas12\\app\\Providers\\RouteServiceProvider.php(35): Illuminate\\Routing\\RouteRegistrar->group('D:\\\\Belajar\\\\Lara...')
#4 D:\\Belajar\\Laravel\\Sanbercode\\Tugas 6\\IM-Sanbercode-Laravel-Web-Dev\\tugas12\\vendor\\laravel\\framework\\src\\Illuminate\\Container\\BoundMethod.php(36): App\\Providers\\RouteServiceProvider->App\\Providers\\{closure}()
#5 D:\\Belajar\\Laravel\\Sanbercode\\Tugas 6\\IM-Sanbercode-Laravel-Web-Dev\\tugas12\\vendor\\laravel\\framework\\src\\Illuminate\\Container\\Util.php(41): Illuminate\\Container\\BoundMethod::Illuminate\\Container\\{closure}()
#6 D:\\Belajar\\Laravel\\Sanbercode\\Tugas 6\\IM-Sanbercode-Laravel-Web-Dev\\tugas12\\vendor\\laravel\\framework\\src\\Illuminate\\Container\\BoundMethod.php(81): Illuminate\\Container\\Util::unwrapIfClosure(Object(Closure))
#7 D:\\Belajar\\Laravel\\Sanbercode\\Tugas 6\\IM-Sanbercode-Laravel-Web-Dev\\tugas12\\vendor\\laravel\\framework\\src\\Illuminate\\Container\\BoundMethod.php(35): Illuminate\\Container\\BoundMethod::callBoundMethod(Object(Illuminate\\Foundation\\Application), Object(Closure), Object(Closure))
#8 D:\\Belajar\\Laravel\\Sanbercode\\Tugas 6\\IM-Sanbercode-Laravel-Web-Dev\\tugas12\\vendor\\laravel\\framework\\src\\Illuminate\\Container\\Container.php(662): Illuminate\\Container\\BoundMethod::call(Object(Illuminate\\Foundation\\Application), Object(Closure), Array, NULL)
#9 D:\\Belajar\\Laravel\\Sanbercode\\Tugas 6\\IM-Sanbercode-Laravel-Web-Dev\\tugas12\\vendor\\laravel\\framework\\src\\Illuminate\\Foundation\\Support\\Providers\\RouteServiceProvider.php(120): Illuminate\\Container\\Container->call(Object(Closure))
#10 D:\\Belajar\\Laravel\\Sanbercode\\Tugas 6\\IM-Sanbercode-Laravel-Web-Dev\\tugas12\\vendor\\laravel\\framework\\src\\Illuminate\\Foundation\\Support\\Providers\\RouteServiceProvider.php(45): Illuminate\\Foundation\\Support\\Providers\\RouteServiceProvider->loadRoutes()
#11 D:\\Belajar\\Laravel\\Sanbercode\\Tugas 6\\IM-Sanbercode-Laravel-Web-Dev\\tugas12\\vendor\\laravel\\framework\\src\\Illuminate\\Container\\BoundMethod.php(36): Illuminate\\Foundation\\Support\\Providers\\RouteServiceProvider->Illuminate\\Foundation\\Support\\Providers\\{closure}()
#12 D:\\Belajar\\Laravel\\Sanbercode\\Tugas 6\\IM-Sanbercode-Laravel-Web-Dev\\tugas12\\vendor\\laravel\\framework\\src\\Illuminate\\Container\\Util.php(41): Illuminate\\Container\\BoundMethod::Illuminate\\Container\\{closure}()
#13 D:\\Belajar\\Laravel\\Sanbercode\\Tugas 6\\IM-Sanbercode-Laravel-Web-Dev\\tugas12\\vendor\\laravel\\framework\\src\\Illuminate\\Container\\BoundMethod.php(81): Illuminate\\Container\\Util::unwrapIfClosure(Object(Closure))
#14 D:\\Belajar\\Laravel\\Sanbercode\\Tugas 6\\IM-Sanbercode-Laravel-Web-Dev\\tugas12\\vendor\\laravel\\framework\\src\\Illuminate\\Container\\BoundMethod.php(35): Illuminate\\Container\\BoundMethod::callBoundMethod(Object(Illuminate\\Foundation\\Application), Object(Closure), Object(Closure))
#15 D:\\Belajar\\Laravel\\Sanbercode\\Tugas 6\\IM-Sanbercode-Laravel-Web-Dev\\tugas12\\vendor\\laravel\\framework\\src\\Illuminate\\Container\\Container.php(662): Illuminate\\Container\\BoundMethod::call(Object(Illuminate\\Foundation\\Application), Object(Closure), Array, NULL)
#16 D:\\Belajar\\Laravel\\Sanbercode\\Tugas 6\\IM-Sanbercode-Laravel-Web-Dev\\tugas12\\vendor\\laravel\\framework\\src\\Illuminate\\Support\\ServiceProvider.php(119): Illuminate\\Container\\Container->call(Object(Closure))
#17 D:\\Belajar\\Laravel\\Sanbercode\\Tugas 6\\IM-Sanbercode-Laravel-Web-Dev\\tugas12\\vendor\\laravel\\framework\\src\\Illuminate\\Foundation\\Application.php(1037): Illuminate\\Support\\ServiceProvider->callBootedCallbacks()
#18 D:\\Belajar\\Laravel\\Sanbercode\\Tugas 6\\IM-Sanbercode-Laravel-Web-Dev\\tugas12\\vendor\\laravel\\framework\\src\\Illuminate\\Foundation\\Application.php(1015): Illuminate\\Foundation\\Application->bootProvider(Object(App\\Providers\\RouteServiceProvider))
#19 [internal function]: Illuminate\\Foundation\\Application->Illuminate\\Foundation\\{closure}(Object(App\\Providers\\RouteServiceProvider), 24)
#20 D:\\Belajar\\Laravel\\Sanbercode\\Tugas 6\\IM-Sanbercode-Laravel-Web-Dev\\tugas12\\vendor\\laravel\\framework\\src\\Illuminate\\Foundation\\Application.php(1014): array_walk(Array, Object(Closure))
#21 D:\\Belajar\\Laravel\\Sanbercode\\Tugas 6\\IM-Sanbercode-Laravel-Web-Dev\\tugas12\\vendor\\laravel\\framework\\src\\Illuminate\\Foundation\\Bootstrap\\BootProviders.php(17): Illuminate\\Foundation\\Application->boot()
#22 D:\\Belajar\\Laravel\\Sanbercode\\Tugas 6\\IM-Sanbercode-Laravel-Web-Dev\\tugas12\\vendor\\laravel\\framework\\src\\Illuminate\\Foundation\\Application.php(263): Illuminate\\Foundation\\Bootstrap\\BootProviders->bootstrap(Object(Illuminate\\Foundation\\Application))
#23 D:\\Belajar\\Laravel\\Sanbercode\\Tugas 6\\IM-Sanbercode-Laravel-Web-Dev\\tugas12\\vendor\\laravel\\framework\\src\\Illuminate\\Foundation\\Console\\Kernel.php(447): Illuminate\\Foundation\\Application->bootstrapWith(Array)
#24 D:\\Belajar\\Laravel\\Sanbercode\\Tugas 6\\IM-Sanbercode-Laravel-Web-Dev\\tugas12\\vendor\\laravel\\framework\\src\\Illuminate\\Foundation\\Console\\Kernel.php(199): Illuminate\\Foundation\\Console\\Kernel->bootstrap()
#25 Command line code(1): Illuminate\\Foundation\\Console\\Kernel->handle(Object(Symfony\\Component\\Console\\Input\\ArgvInput), Object(Symfony\\Component\\Console\\Output\\ConsoleOutput))
#26 {main}
"} 
[2024-07-31 14:21:08] local.ERROR: syntax error, unexpected token "}", expecting ";" {"exception":"[object] (ParseError(code: 0): syntax error, unexpected token \"}\", expecting \";\" at D:\\Belajar\\Laravel\\Sanbercode\\Tugas 6\\IM-Sanbercode-Laravel-Web-Dev\\tugas12laravel\\routes\\web.php:24)
[stacktrace]
#0 D:\\Belajar\\Laravel\\Sanbercode\\Tugas 6\\IM-Sanbercode-Laravel-Web-Dev\\tugas12laravel\\vendor\\laravel\\framework\\src\\Illuminate\\Routing\\Router.php(511): Illuminate\\Routing\\RouteFileRegistrar->register('D:\\\\Belajar\\\\Lara...')
#1 D:\\Belajar\\Laravel\\Sanbercode\\Tugas 6\\IM-Sanbercode-Laravel-Web-Dev\\tugas12laravel\\vendor\\laravel\\framework\\src\\Illuminate\\Routing\\Router.php(465): Illuminate\\Routing\\Router->loadRoutes('D:\\\\Belajar\\\\Lara...')
#2 D:\\Belajar\\Laravel\\Sanbercode\\Tugas 6\\IM-Sanbercode-Laravel-Web-Dev\\tugas12laravel\\vendor\\laravel\\framework\\src\\Illuminate\\Routing\\RouteRegistrar.php(194): Illuminate\\Routing\\Router->group(Array, 'D:\\\\Belajar\\\\Lara...')
#3 D:\\Belajar\\Laravel\\Sanbercode\\Tugas 6\\IM-Sanbercode-Laravel-Web-Dev\\tugas12laravel\\app\\Providers\\RouteServiceProvider.php(35): Illuminate\\Routing\\RouteRegistrar->group('D:\\\\Belajar\\\\Lara...')
#4 D:\\Belajar\\Laravel\\Sanbercode\\Tugas 6\\IM-Sanbercode-Laravel-Web-Dev\\tugas12laravel\\vendor\\laravel\\framework\\src\\Illuminate\\Container\\BoundMethod.php(36): App\\Providers\\RouteServiceProvider->App\\Providers\\{closure}()
#5 D:\\Belajar\\Laravel\\Sanbercode\\Tugas 6\\IM-Sanbercode-Laravel-Web-Dev\\tugas12laravel\\vendor\\laravel\\framework\\src\\Illuminate\\Container\\Util.php(41): Illuminate\\Container\\BoundMethod::Illuminate\\Container\\{closure}()
#6 D:\\Belajar\\Laravel\\Sanbercode\\Tugas 6\\IM-Sanbercode-Laravel-Web-Dev\\tugas12laravel\\vendor\\laravel\\framework\\src\\Illuminate\\Container\\BoundMethod.php(81): Illuminate\\Container\\Util::unwrapIfClosure(Object(Closure))
#7 D:\\Belajar\\Laravel\\Sanbercode\\Tugas 6\\IM-Sanbercode-Laravel-Web-Dev\\tugas12laravel\\vendor\\laravel\\framework\\src\\Illuminate\\Container\\BoundMethod.php(35): Illuminate\\Container\\BoundMethod::callBoundMethod(Object(Illuminate\\Foundation\\Application), Object(Closure), Object(Closure))
#8 D:\\Belajar\\Laravel\\Sanbercode\\Tugas 6\\IM-Sanbercode-Laravel-Web-Dev\\tugas12laravel\\vendor\\laravel\\framework\\src\\Illuminate\\Container\\Container.php(662): Illuminate\\Container\\BoundMethod::call(Object(Illuminate\\Foundation\\Application), Object(Closure), Array, NULL)
#9 D:\\Belajar\\Laravel\\Sanbercode\\Tugas 6\\IM-Sanbercode-Laravel-Web-Dev\\tugas12laravel\\vendor\\laravel\\framework\\src\\Illuminate\\Foundation\\Support\\Providers\\RouteServiceProvider.php(120): Illuminate\\Container\\Container->call(Object(Closure))
#10 D:\\Belajar\\Laravel\\Sanbercode\\Tugas 6\\IM-Sanbercode-Laravel-Web-Dev\\tugas12laravel\\vendor\\laravel\\framework\\src\\Illuminate\\Foundation\\Support\\Providers\\RouteServiceProvider.php(45): Illuminate\\Foundation\\Support\\Providers\\RouteServiceProvider->loadRoutes()
#11 D:\\Belajar\\Laravel\\Sanbercode\\Tugas 6\\IM-Sanbercode-Laravel-Web-Dev\\tugas12laravel\\vendor\\laravel\\framework\\src\\Illuminate\\Container\\BoundMethod.php(36): Illuminate\\Foundation\\Support\\Providers\\RouteServiceProvider->Illuminate\\Foundation\\Support\\Providers\\{closure}()
#12 D:\\Belajar\\Laravel\\Sanbercode\\Tugas 6\\IM-Sanbercode-Laravel-Web-Dev\\tugas12laravel\\vendor\\laravel\\framework\\src\\Illuminate\\Container\\Util.php(41): Illuminate\\Container\\BoundMethod::Illuminate\\Container\\{closure}()
#13 D:\\Belajar\\Laravel\\Sanbercode\\Tugas 6\\IM-Sanbercode-Laravel-Web-Dev\\tugas12laravel\\vendor\\laravel\\framework\\src\\Illuminate\\Container\\BoundMethod.php(81): Illuminate\\Container\\Util::unwrapIfClosure(Object(Closure))
#14 D:\\Belajar\\Laravel\\Sanbercode\\Tugas 6\\IM-Sanbercode-Laravel-Web-Dev\\tugas12laravel\\vendor\\laravel\\framework\\src\\Illuminate\\Container\\BoundMethod.php(35): Illuminate\\Container\\BoundMethod::callBoundMethod(Object(Illuminate\\Foundation\\Application), Object(Closure), Object(Closure))
#15 D:\\Belajar\\Laravel\\Sanbercode\\Tugas 6\\IM-Sanbercode-Laravel-Web-Dev\\tugas12laravel\\vendor\\laravel\\framework\\src\\Illuminate\\Container\\Container.php(662): Illuminate\\Container\\BoundMethod::call(Object(Illuminate\\Foundation\\Application), Object(Closure), Array, NULL)
#16 D:\\Belajar\\Laravel\\Sanbercode\\Tugas 6\\IM-Sanbercode-Laravel-Web-Dev\\tugas12laravel\\vendor\\laravel\\framework\\src\\Illuminate\\Support\\ServiceProvider.php(119): Illuminate\\Container\\Container->call(Object(Closure))
#17 D:\\Belajar\\Laravel\\Sanbercode\\Tugas 6\\IM-Sanbercode-Laravel-Web-Dev\\tugas12laravel\\vendor\\laravel\\framework\\src\\Illuminate\\Foundation\\Application.php(1037): Illuminate\\Support\\ServiceProvider->callBootedCallbacks()
#18 D:\\Belajar\\Laravel\\Sanbercode\\Tugas 6\\IM-Sanbercode-Laravel-Web-Dev\\tugas12laravel\\vendor\\laravel\\framework\\src\\Illuminate\\Foundation\\Application.php(1015): Illuminate\\Foundation\\Application->bootProvider(Object(App\\Providers\\RouteServiceProvider))
#19 [internal function]: Illuminate\\Foundation\\Application->Illuminate\\Foundation\\{closure}(Object(App\\Providers\\RouteServiceProvider), 24)
#20 D:\\Belajar\\Laravel\\Sanbercode\\Tugas 6\\IM-Sanbercode-Laravel-Web-Dev\\tugas12laravel\\vendor\\laravel\\framework\\src\\Illuminate\\Foundation\\Application.php(1014): array_walk(Array, Object(Closure))
#21 D:\\Belajar\\Laravel\\Sanbercode\\Tugas 6\\IM-Sanbercode-Laravel-Web-Dev\\tugas12laravel\\vendor\\laravel\\framework\\src\\Illuminate\\Foundation\\Bootstrap\\BootProviders.php(17): Illuminate\\Foundation\\Application->boot()
#22 D:\\Belajar\\Laravel\\Sanbercode\\Tugas 6\\IM-Sanbercode-Laravel-Web-Dev\\tugas12laravel\\vendor\\laravel\\framework\\src\\Illuminate\\Foundation\\Application.php(263): Illuminate\\Foundation\\Bootstrap\\BootProviders->bootstrap(Object(Illuminate\\Foundation\\Application))
#23 D:\\Belajar\\Laravel\\Sanbercode\\Tugas 6\\IM-Sanbercode-Laravel-Web-Dev\\tugas12laravel\\vendor\\laravel\\framework\\src\\Illuminate\\Foundation\\Console\\Kernel.php(447): Illuminate\\Foundation\\Application->bootstrapWith(Array)
#24 D:\\Belajar\\Laravel\\Sanbercode\\Tugas 6\\IM-Sanbercode-Laravel-Web-Dev\\tugas12laravel\\vendor\\laravel\\framework\\src\\Illuminate\\Foundation\\Console\\Kernel.php(199): Illuminate\\Foundation\\Console\\Kernel->bootstrap()
#25 Command line code(1): Illuminate\\Foundation\\Console\\Kernel->handle(Object(Symfony\\Component\\Console\\Input\\ArgvInput), Object(Symfony\\Component\\Console\\Output\\ConsoleOutput))
#26 {main}
"} 
[2024-07-31 14:21:13] local.ERROR: syntax error, unexpected token "}", expecting ";" {"exception":"[object] (ParseError(code: 0): syntax error, unexpected token \"}\", expecting \";\" at D:\\Belajar\\Laravel\\Sanbercode\\Tugas 6\\IM-Sanbercode-Laravel-Web-Dev\\tugas12laravel\\routes\\web.php:24)
[stacktrace]
#0 D:\\Belajar\\Laravel\\Sanbercode\\Tugas 6\\IM-Sanbercode-Laravel-Web-Dev\\tugas12laravel\\vendor\\laravel\\framework\\src\\Illuminate\\Routing\\Router.php(511): Illuminate\\Routing\\RouteFileRegistrar->register('D:\\\\Belajar\\\\Lara...')
#1 D:\\Belajar\\Laravel\\Sanbercode\\Tugas 6\\IM-Sanbercode-Laravel-Web-Dev\\tugas12laravel\\vendor\\laravel\\framework\\src\\Illuminate\\Routing\\Router.php(465): Illuminate\\Routing\\Router->loadRoutes('D:\\\\Belajar\\\\Lara...')
#2 D:\\Belajar\\Laravel\\Sanbercode\\Tugas 6\\IM-Sanbercode-Laravel-Web-Dev\\tugas12laravel\\vendor\\laravel\\framework\\src\\Illuminate\\Routing\\RouteRegistrar.php(194): Illuminate\\Routing\\Router->group(Array, 'D:\\\\Belajar\\\\Lara...')
#3 D:\\Belajar\\Laravel\\Sanbercode\\Tugas 6\\IM-Sanbercode-Laravel-Web-Dev\\tugas12laravel\\app\\Providers\\RouteServiceProvider.php(35): Illuminate\\Routing\\RouteRegistrar->group('D:\\\\Belajar\\\\Lara...')
#4 D:\\Belajar\\Laravel\\Sanbercode\\Tugas 6\\IM-Sanbercode-Laravel-Web-Dev\\tugas12laravel\\vendor\\laravel\\framework\\src\\Illuminate\\Container\\BoundMethod.php(36): App\\Providers\\RouteServiceProvider->App\\Providers\\{closure}()
#5 D:\\Belajar\\Laravel\\Sanbercode\\Tugas 6\\IM-Sanbercode-Laravel-Web-Dev\\tugas12laravel\\vendor\\laravel\\framework\\src\\Illuminate\\Container\\Util.php(41): Illuminate\\Container\\BoundMethod::Illuminate\\Container\\{closure}()
#6 D:\\Belajar\\Laravel\\Sanbercode\\Tugas 6\\IM-Sanbercode-Laravel-Web-Dev\\tugas12laravel\\vendor\\laravel\\framework\\src\\Illuminate\\Container\\BoundMethod.php(81): Illuminate\\Container\\Util::unwrapIfClosure(Object(Closure))
#7 D:\\Belajar\\Laravel\\Sanbercode\\Tugas 6\\IM-Sanbercode-Laravel-Web-Dev\\tugas12laravel\\vendor\\laravel\\framework\\src\\Illuminate\\Container\\BoundMethod.php(35): Illuminate\\Container\\BoundMethod::callBoundMethod(Object(Illuminate\\Foundation\\Application), Object(Closure), Object(Closure))
#8 D:\\Belajar\\Laravel\\Sanbercode\\Tugas 6\\IM-Sanbercode-Laravel-Web-Dev\\tugas12laravel\\vendor\\laravel\\framework\\src\\Illuminate\\Container\\Container.php(662): Illuminate\\Container\\BoundMethod::call(Object(Illuminate\\Foundation\\Application), Object(Closure), Array, NULL)
#9 D:\\Belajar\\Laravel\\Sanbercode\\Tugas 6\\IM-Sanbercode-Laravel-Web-Dev\\tugas12laravel\\vendor\\laravel\\framework\\src\\Illuminate\\Foundation\\Support\\Providers\\RouteServiceProvider.php(120): Illuminate\\Container\\Container->call(Object(Closure))
#10 D:\\Belajar\\Laravel\\Sanbercode\\Tugas 6\\IM-Sanbercode-Laravel-Web-Dev\\tugas12laravel\\vendor\\laravel\\framework\\src\\Illuminate\\Foundation\\Support\\Providers\\RouteServiceProvider.php(45): Illuminate\\Foundation\\Support\\Providers\\RouteServiceProvider->loadRoutes()
#11 D:\\Belajar\\Laravel\\Sanbercode\\Tugas 6\\IM-Sanbercode-Laravel-Web-Dev\\tugas12laravel\\vendor\\laravel\\framework\\src\\Illuminate\\Container\\BoundMethod.php(36): Illuminate\\Foundation\\Support\\Providers\\RouteServiceProvider->Illuminate\\Foundation\\Support\\Providers\\{closure}()
#12 D:\\Belajar\\Laravel\\Sanbercode\\Tugas 6\\IM-Sanbercode-Laravel-Web-Dev\\tugas12laravel\\vendor\\laravel\\framework\\src\\Illuminate\\Container\\Util.php(41): Illuminate\\Container\\BoundMethod::Illuminate\\Container\\{closure}()
#13 D:\\Belajar\\Laravel\\Sanbercode\\Tugas 6\\IM-Sanbercode-Laravel-Web-Dev\\tugas12laravel\\vendor\\laravel\\framework\\src\\Illuminate\\Container\\BoundMethod.php(81): Illuminate\\Container\\Util::unwrapIfClosure(Object(Closure))
#14 D:\\Belajar\\Laravel\\Sanbercode\\Tugas 6\\IM-Sanbercode-Laravel-Web-Dev\\tugas12laravel\\vendor\\laravel\\framework\\src\\Illuminate\\Container\\BoundMethod.php(35): Illuminate\\Container\\BoundMethod::callBoundMethod(Object(Illuminate\\Foundation\\Application), Object(Closure), Object(Closure))
#15 D:\\Belajar\\Laravel\\Sanbercode\\Tugas 6\\IM-Sanbercode-Laravel-Web-Dev\\tugas12laravel\\vendor\\laravel\\framework\\src\\Illuminate\\Container\\Container.php(662): Illuminate\\Container\\BoundMethod::call(Object(Illuminate\\Foundation\\Application), Object(Closure), Array, NULL)
#16 D:\\Belajar\\Laravel\\Sanbercode\\Tugas 6\\IM-Sanbercode-Laravel-Web-Dev\\tugas12laravel\\vendor\\laravel\\framework\\src\\Illuminate\\Support\\ServiceProvider.php(119): Illuminate\\Container\\Container->call(Object(Closure))
#17 D:\\Belajar\\Laravel\\Sanbercode\\Tugas 6\\IM-Sanbercode-Laravel-Web-Dev\\tugas12laravel\\vendor\\laravel\\framework\\src\\Illuminate\\Foundation\\Application.php(1037): Illuminate\\Support\\ServiceProvider->callBootedCallbacks()
#18 D:\\Belajar\\Laravel\\Sanbercode\\Tugas 6\\IM-Sanbercode-Laravel-Web-Dev\\tugas12laravel\\vendor\\laravel\\framework\\src\\Illuminate\\Foundation\\Application.php(1015): Illuminate\\Foundation\\Application->bootProvider(Object(App\\Providers\\RouteServiceProvider))
#19 [internal function]: Illuminate\\Foundation\\Application->Illuminate\\Foundation\\{closure}(Object(App\\Providers\\RouteServiceProvider), 24)
#20 D:\\Belajar\\Laravel\\Sanbercode\\Tugas 6\\IM-Sanbercode-Laravel-Web-Dev\\tugas12laravel\\vendor\\laravel\\framework\\src\\Illuminate\\Foundation\\Application.php(1014): array_walk(Array, Object(Closure))
#21 D:\\Belajar\\Laravel\\Sanbercode\\Tugas 6\\IM-Sanbercode-Laravel-Web-Dev\\tugas12laravel\\vendor\\laravel\\framework\\src\\Illuminate\\Foundation\\Bootstrap\\BootProviders.php(17): Illuminate\\Foundation\\Application->boot()
#22 D:\\Belajar\\Laravel\\Sanbercode\\Tugas 6\\IM-Sanbercode-Laravel-Web-Dev\\tugas12laravel\\vendor\\laravel\\framework\\src\\Illuminate\\Foundation\\Application.php(263): Illuminate\\Foundation\\Bootstrap\\BootProviders->bootstrap(Object(Illuminate\\Foundation\\Application))
#23 D:\\Belajar\\Laravel\\Sanbercode\\Tugas 6\\IM-Sanbercode-Laravel-Web-Dev\\tugas12laravel\\vendor\\laravel\\framework\\src\\Illuminate\\Foundation\\Console\\Kernel.php(447): Illuminate\\Foundation\\Application->bootstrapWith(Array)
#24 D:\\Belajar\\Laravel\\Sanbercode\\Tugas 6\\IM-Sanbercode-Laravel-Web-Dev\\tugas12laravel\\vendor\\laravel\\framework\\src\\Illuminate\\Foundation\\Console\\Kernel.php(199): Illuminate\\Foundation\\Console\\Kernel->bootstrap()
#25 Command line code(1): Illuminate\\Foundation\\Console\\Kernel->handle(Object(Symfony\\Component\\Console\\Input\\ArgvInput), Object(Symfony\\Component\\Console\\Output\\ConsoleOutput))
#26 {main}
"} 
[2024-07-31 14:30:15] local.ERROR: Undefined constant "admin" {"view":{"view":"D:\\Belajar\\Laravel\\Sanbercode\\Tugas 6\\IM-Sanbercode-Laravel-Web-Dev\\tugas12laravel\\resources\\views\\layouts\\master.blade.php","data":{"errors":"<pre class=sf-dump id=sf-dump-328334854 data-indent-pad=\"  \"><span class=sf-dump-note>Illuminate\\Support\\ViewErrorBag</span> {<a class=sf-dump-ref>#283</a><samp data-depth=1 class=sf-dump-expanded>
  #<span class=sf-dump-protected title=\"Protected property\">bags</span>: []
</samp>}
</pre><script>Sfdump(\"sf-dump-328334854\", {\"maxDepth\":3,\"maxStringLength\":160})</script>
"}},"exception":"[object] (Spatie\\LaravelIgnition\\Exceptions\\ViewException(code: 0): Undefined constant \"admin\" at D:\\Belajar\\Laravel\\Sanbercode\\Tugas 6\\IM-Sanbercode-Laravel-Web-Dev\\tugas12laravel\\resources\\views\\layouts\\master.blade.php:11)
[stacktrace]
#0 D:\\Belajar\\Laravel\\Sanbercode\\Tugas 6\\IM-Sanbercode-Laravel-Web-Dev\\tugas12laravel\\vendor\\laravel\\framework\\src\\Illuminate\\Filesystem\\Filesystem.php(123): require()
#1 D:\\Belajar\\Laravel\\Sanbercode\\Tugas 6\\IM-Sanbercode-Laravel-Web-Dev\\tugas12laravel\\vendor\\laravel\\framework\\src\\Illuminate\\Filesystem\\Filesystem.php(124): Illuminate\\Filesystem\\Filesystem::Illuminate\\Filesystem\\{closure}()
#2 D:\\Belajar\\Laravel\\Sanbercode\\Tugas 6\\IM-Sanbercode-Laravel-Web-Dev\\tugas12laravel\\vendor\\laravel\\framework\\src\\Illuminate\\View\\Engines\\PhpEngine.php(58): Illuminate\\Filesystem\\Filesystem->getRequire('D:\\\\Belajar\\\\Lara...', Array)
#3 D:\\Belajar\\Laravel\\Sanbercode\\Tugas 6\\IM-Sanbercode-Laravel-Web-Dev\\tugas12laravel\\vendor\\laravel\\framework\\src\\Illuminate\\View\\Engines\\CompilerEngine.php(72): Illuminate\\View\\Engines\\PhpEngine->evaluatePath('D:\\\\Belajar\\\\Lara...', Array)
#4 D:\\Belajar\\Laravel\\Sanbercode\\Tugas 6\\IM-Sanbercode-Laravel-Web-Dev\\tugas12laravel\\vendor\\laravel\\framework\\src\\Illuminate\\View\\View.php(207): Illuminate\\View\\Engines\\CompilerEngine->get('D:\\\\Belajar\\\\Lara...', Array)
#5 D:\\Belajar\\Laravel\\Sanbercode\\Tugas 6\\IM-Sanbercode-Laravel-Web-Dev\\tugas12laravel\\vendor\\laravel\\framework\\src\\Illuminate\\View\\View.php(190): Illuminate\\View\\View->getContents()
#6 D:\\Belajar\\Laravel\\Sanbercode\\Tugas 6\\IM-Sanbercode-Laravel-Web-Dev\\tugas12laravel\\vendor\\laravel\\framework\\src\\Illuminate\\View\\View.php(159): Illuminate\\View\\View->renderContents()
#7 D:\\Belajar\\Laravel\\Sanbercode\\Tugas 6\\IM-Sanbercode-Laravel-Web-Dev\\tugas12laravel\\vendor\\laravel\\framework\\src\\Illuminate\\Http\\Response.php(69): Illuminate\\View\\View->render()
#8 D:\\Belajar\\Laravel\\Sanbercode\\Tugas 6\\IM-Sanbercode-Laravel-Web-Dev\\tugas12laravel\\vendor\\laravel\\framework\\src\\Illuminate\\Http\\Response.php(35): Illuminate\\Http\\Response->setContent(Object(Illuminate\\View\\View))
#9 D:\\Belajar\\Laravel\\Sanbercode\\Tugas 6\\IM-Sanbercode-Laravel-Web-Dev\\tugas12laravel\\vendor\\laravel\\framework\\src\\Illuminate\\Routing\\Router.php(918): Illuminate\\Http\\Response->__construct(Object(Illuminate\\View\\View), 200, Array)
#10 D:\\Belajar\\Laravel\\Sanbercode\\Tugas 6\\IM-Sanbercode-Laravel-Web-Dev\\tugas12laravel\\vendor\\laravel\\framework\\src\\Illuminate\\Routing\\Router.php(885): Illuminate\\Routing\\Router::toResponse(Object(Illuminate\\Http\\Request), Object(Illuminate\\View\\View))
#11 D:\\Belajar\\Laravel\\Sanbercode\\Tugas 6\\IM-Sanbercode-Laravel-Web-Dev\\tugas12laravel\\vendor\\laravel\\framework\\src\\Illuminate\\Routing\\Router.php(805): Illuminate\\Routing\\Router->prepareResponse(Object(Illuminate\\Http\\Request), Object(Illuminate\\View\\View))
#12 D:\\Belajar\\Laravel\\Sanbercode\\Tugas 6\\IM-Sanbercode-Laravel-Web-Dev\\tugas12laravel\\vendor\\laravel\\framework\\src\\Illuminate\\Pipeline\\Pipeline.php(144): Illuminate\\Routing\\Router->Illuminate\\Routing\\{closure}(Object(Illuminate\\Http\\Request))
#13 D:\\Belajar\\Laravel\\Sanbercode\\Tugas 6\\IM-Sanbercode-Laravel-Web-Dev\\tugas12laravel\\vendor\\laravel\\framework\\src\\Illuminate\\Routing\\Middleware\\SubstituteBindings.php(50): Illuminate\\Pipeline\\Pipeline->Illuminate\\Pipeline\\{closure}(Object(Illuminate\\Http\\Request))
#14 D:\\Belajar\\Laravel\\Sanbercode\\Tugas 6\\IM-Sanbercode-Laravel-Web-Dev\\tugas12laravel\\vendor\\laravel\\framework\\src\\Illuminate\\Pipeline\\Pipeline.php(183): Illuminate\\Routing\\Middleware\\SubstituteBindings->handle(Object(Illuminate\\Http\\Request), Object(Closure))
#15 D:\\Belajar\\Laravel\\Sanbercode\\Tugas 6\\IM-Sanbercode-Laravel-Web-Dev\\tugas12laravel\\vendor\\laravel\\framework\\src\\Illuminate\\Foundation\\Http\\Middleware\\VerifyCsrfToken.php(78): Illuminate\\Pipeline\\Pipeline->Illuminate\\Pipeline\\{closure}(Object(Illuminate\\Http\\Request))
#16 D:\\Belajar\\Laravel\\Sanbercode\\Tugas 6\\IM-Sanbercode-Laravel-Web-Dev\\tugas12laravel\\vendor\\laravel\\framework\\src\\Illuminate\\Pipeline\\Pipeline.php(183): Illuminate\\Foundation\\Http\\Middleware\\VerifyCsrfToken->handle(Object(Illuminate\\Http\\Request), Object(Closure))
#17 D:\\Belajar\\Laravel\\Sanbercode\\Tugas 6\\IM-Sanbercode-Laravel-Web-Dev\\tugas12laravel\\vendor\\laravel\\framework\\src\\Illuminate\\View\\Middleware\\ShareErrorsFromSession.php(49): Illuminate\\Pipeline\\Pipeline->Illuminate\\Pipeline\\{closure}(Object(Illuminate\\Http\\Request))
#18 D:\\Belajar\\Laravel\\Sanbercode\\Tugas 6\\IM-Sanbercode-Laravel-Web-Dev\\tugas12laravel\\vendor\\laravel\\framework\\src\\Illuminate\\Pipeline\\Pipeline.php(183): Illuminate\\View\\Middleware\\ShareErrorsFromSession->handle(Object(Illuminate\\Http\\Request), Object(Closure))
#19 D:\\Belajar\\Laravel\\Sanbercode\\Tugas 6\\IM-Sanbercode-Laravel-Web-Dev\\tugas12laravel\\vendor\\laravel\\framework\\src\\Illuminate\\Session\\Middleware\\StartSession.php(121): Illuminate\\Pipeline\\Pipeline->Illuminate\\Pipeline\\{closure}(Object(Illuminate\\Http\\Request))
#20 D:\\Belajar\\Laravel\\Sanbercode\\Tugas 6\\IM-Sanbercode-Laravel-Web-Dev\\tugas12laravel\\vendor\\laravel\\framework\\src\\Illuminate\\Session\\Middleware\\StartSession.php(64): Illuminate\\Session\\Middleware\\StartSession->handleStatefulRequest(Object(Illuminate\\Http\\Request), Object(Illuminate\\Session\\Store), Object(Closure))
#21 D:\\Belajar\\Laravel\\Sanbercode\\Tugas 6\\IM-Sanbercode-Laravel-Web-Dev\\tugas12laravel\\vendor\\laravel\\framework\\src\\Illuminate\\Pipeline\\Pipeline.php(183): Illuminate\\Session\\Middleware\\StartSession->handle(Object(Illuminate\\Http\\Request), Object(Closure))
#22 D:\\Belajar\\Laravel\\Sanbercode\\Tugas 6\\IM-Sanbercode-Laravel-Web-Dev\\tugas12laravel\\vendor\\laravel\\framework\\src\\Illuminate\\Cookie\\Middleware\\AddQueuedCookiesToResponse.php(37): Illuminate\\Pipeline\\Pipeline->Illuminate\\Pipeline\\{closure}(Object(Illuminate\\Http\\Request))
#23 D:\\Belajar\\Laravel\\Sanbercode\\Tugas 6\\IM-Sanbercode-Laravel-Web-Dev\\tugas12laravel\\vendor\\laravel\\framework\\src\\Illuminate\\Pipeline\\Pipeline.php(183): Illuminate\\Cookie\\Middleware\\AddQueuedCookiesToResponse->handle(Object(Illuminate\\Http\\Request), Object(Closure))
#24 D:\\Belajar\\Laravel\\Sanbercode\\Tugas 6\\IM-Sanbercode-Laravel-Web-Dev\\tugas12laravel\\vendor\\laravel\\framework\\src\\Illuminate\\Cookie\\Middleware\\EncryptCookies.php(67): Illuminate\\Pipeline\\Pipeline->Illuminate\\Pipeline\\{closure}(Object(Illuminate\\Http\\Request))
#25 D:\\Belajar\\Laravel\\Sanbercode\\Tugas 6\\IM-Sanbercode-Laravel-Web-Dev\\tugas12laravel\\vendor\\laravel\\framework\\src\\Illuminate\\Pipeline\\Pipeline.php(183): Illuminate\\Cookie\\Middleware\\EncryptCookies->handle(Object(Illuminate\\Http\\Request), Object(Closure))
#26 D:\\Belajar\\Laravel\\Sanbercode\\Tugas 6\\IM-Sanbercode-Laravel-Web-Dev\\tugas12laravel\\vendor\\laravel\\framework\\src\\Illuminate\\Pipeline\\Pipeline.php(119): Illuminate\\Pipeline\\Pipeline->Illuminate\\Pipeline\\{closure}(Object(Illuminate\\Http\\Request))
#27 D:\\Belajar\\Laravel\\Sanbercode\\Tugas 6\\IM-Sanbercode-Laravel-Web-Dev\\tugas12laravel\\vendor\\laravel\\framework\\src\\Illuminate\\Routing\\Router.php(805): Illuminate\\Pipeline\\Pipeline->then(Object(Closure))
#28 D:\\Belajar\\Laravel\\Sanbercode\\Tugas 6\\IM-Sanbercode-Laravel-Web-Dev\\tugas12laravel\\vendor\\laravel\\framework\\src\\Illuminate\\Routing\\Router.php(784): Illuminate\\Routing\\Router->runRouteWithinStack(Object(Illuminate\\Routing\\Route), Object(Illuminate\\Http\\Request))
#29 D:\\Belajar\\Laravel\\Sanbercode\\Tugas 6\\IM-Sanbercode-Laravel-Web-Dev\\tugas12laravel\\vendor\\laravel\\framework\\src\\Illuminate\\Routing\\Router.php(748): Illuminate\\Routing\\Router->runRoute(Object(Illuminate\\Http\\Request), Object(Illuminate\\Routing\\Route))
#30 D:\\Belajar\\Laravel\\Sanbercode\\Tugas 6\\IM-Sanbercode-Laravel-Web-Dev\\tugas12laravel\\vendor\\laravel\\framework\\src\\Illuminate\\Routing\\Router.php(737): Illuminate\\Routing\\Router->dispatchToRoute(Object(Illuminate\\Http\\Request))
#31 D:\\Belajar\\Laravel\\Sanbercode\\Tugas 6\\IM-Sanbercode-Laravel-Web-Dev\\tugas12laravel\\vendor\\laravel\\framework\\src\\Illuminate\\Foundation\\Http\\Kernel.php(200): Illuminate\\Routing\\Router->dispatch(Object(Illuminate\\Http\\Request))
#32 D:\\Belajar\\Laravel\\Sanbercode\\Tugas 6\\IM-Sanbercode-Laravel-Web-Dev\\tugas12laravel\\vendor\\laravel\\framework\\src\\Illuminate\\Pipeline\\Pipeline.php(144): Illuminate\\Foundation\\Http\\Kernel->Illuminate\\Foundation\\Http\\{closure}(Object(Illuminate\\Http\\Request))
#33 D:\\Belajar\\Laravel\\Sanbercode\\Tugas 6\\IM-Sanbercode-Laravel-Web-Dev\\tugas12laravel\\vendor\\laravel\\framework\\src\\Illuminate\\Foundation\\Http\\Middleware\\TransformsRequest.php(21): Illuminate\\Pipeline\\Pipeline->Illuminate\\Pipeline\\{closure}(Object(Illuminate\\Http\\Request))
#34 D:\\Belajar\\Laravel\\Sanbercode\\Tugas 6\\IM-Sanbercode-Laravel-Web-Dev\\tugas12laravel\\vendor\\laravel\\framework\\src\\Illuminate\\Foundation\\Http\\Middleware\\ConvertEmptyStringsToNull.php(31): Illuminate\\Foundation\\Http\\Middleware\\TransformsRequest->handle(Object(Illuminate\\Http\\Request), Object(Closure))
#35 D:\\Belajar\\Laravel\\Sanbercode\\Tugas 6\\IM-Sanbercode-Laravel-Web-Dev\\tugas12laravel\\vendor\\laravel\\framework\\src\\Illuminate\\Pipeline\\Pipeline.php(183): Illuminate\\Foundation\\Http\\Middleware\\ConvertEmptyStringsToNull->handle(Object(Illuminate\\Http\\Request), Object(Closure))
#36 D:\\Belajar\\Laravel\\Sanbercode\\Tugas 6\\IM-Sanbercode-Laravel-Web-Dev\\tugas12laravel\\vendor\\laravel\\framework\\src\\Illuminate\\Foundation\\Http\\Middleware\\TransformsRequest.php(21): Illuminate\\Pipeline\\Pipeline->Illuminate\\Pipeline\\{closure}(Object(Illuminate\\Http\\Request))
#37 D:\\Belajar\\Laravel\\Sanbercode\\Tugas 6\\IM-Sanbercode-Laravel-Web-Dev\\tugas12laravel\\vendor\\laravel\\framework\\src\\Illuminate\\Foundation\\Http\\Middleware\\TrimStrings.php(40): Illuminate\\Foundation\\Http\\Middleware\\TransformsRequest->handle(Object(Illuminate\\Http\\Request), Object(Closure))
#38 D:\\Belajar\\Laravel\\Sanbercode\\Tugas 6\\IM-Sanbercode-Laravel-Web-Dev\\tugas12laravel\\vendor\\laravel\\framework\\src\\Illuminate\\Pipeline\\Pipeline.php(183): Illuminate\\Foundation\\Http\\Middleware\\TrimStrings->handle(Object(Illuminate\\Http\\Request), Object(Closure))
#39 D:\\Belajar\\Laravel\\Sanbercode\\Tugas 6\\IM-Sanbercode-Laravel-Web-Dev\\tugas12laravel\\vendor\\laravel\\framework\\src\\Illuminate\\Foundation\\Http\\Middleware\\ValidatePostSize.php(27): Illuminate\\Pipeline\\Pipeline->Illuminate\\Pipeline\\{closure}(Object(Illuminate\\Http\\Request))
#40 D:\\Belajar\\Laravel\\Sanbercode\\Tugas 6\\IM-Sanbercode-Laravel-Web-Dev\\tugas12laravel\\vendor\\laravel\\framework\\src\\Illuminate\\Pipeline\\Pipeline.php(183): Illuminate\\Foundation\\Http\\Middleware\\ValidatePostSize->handle(Object(Illuminate\\Http\\Request), Object(Closure))
#41 D:\\Belajar\\Laravel\\Sanbercode\\Tugas 6\\IM-Sanbercode-Laravel-Web-Dev\\tugas12laravel\\vendor\\laravel\\framework\\src\\Illuminate\\Foundation\\Http\\Middleware\\PreventRequestsDuringMaintenance.php(99): Illuminate\\Pipeline\\Pipeline->Illuminate\\Pipeline\\{closure}(Object(Illuminate\\Http\\Request))
#42 D:\\Belajar\\Laravel\\Sanbercode\\Tugas 6\\IM-Sanbercode-Laravel-Web-Dev\\tugas12laravel\\vendor\\laravel\\framework\\src\\Illuminate\\Pipeline\\Pipeline.php(183): Illuminate\\Foundation\\Http\\Middleware\\PreventRequestsDuringMaintenance->handle(Object(Illuminate\\Http\\Request), Object(Closure))
#43 D:\\Belajar\\Laravel\\Sanbercode\\Tugas 6\\IM-Sanbercode-Laravel-Web-Dev\\tugas12laravel\\vendor\\laravel\\framework\\src\\Illuminate\\Http\\Middleware\\HandleCors.php(49): Illuminate\\Pipeline\\Pipeline->Illuminate\\Pipeline\\{closure}(Object(Illuminate\\Http\\Request))
#44 D:\\Belajar\\Laravel\\Sanbercode\\Tugas 6\\IM-Sanbercode-Laravel-Web-Dev\\tugas12laravel\\vendor\\laravel\\framework\\src\\Illuminate\\Pipeline\\Pipeline.php(183): Illuminate\\Http\\Middleware\\HandleCors->handle(Object(Illuminate\\Http\\Request), Object(Closure))
#45 D:\\Belajar\\Laravel\\Sanbercode\\Tugas 6\\IM-Sanbercode-Laravel-Web-Dev\\tugas12laravel\\vendor\\laravel\\framework\\src\\Illuminate\\Http\\Middleware\\TrustProxies.php(39): Illuminate\\Pipeline\\Pipeline->Illuminate\\Pipeline\\{closure}(Object(Illuminate\\Http\\Request))
#46 D:\\Belajar\\Laravel\\Sanbercode\\Tugas 6\\IM-Sanbercode-Laravel-Web-Dev\\tugas12laravel\\vendor\\laravel\\framework\\src\\Illuminate\\Pipeline\\Pipeline.php(183): Illuminate\\Http\\Middleware\\TrustProxies->handle(Object(Illuminate\\Http\\Request), Object(Closure))
#47 D:\\Belajar\\Laravel\\Sanbercode\\Tugas 6\\IM-Sanbercode-Laravel-Web-Dev\\tugas12laravel\\vendor\\laravel\\framework\\src\\Illuminate\\Pipeline\\Pipeline.php(119): Illuminate\\Pipeline\\Pipeline->Illuminate\\Pipeline\\{closure}(Object(Illuminate\\Http\\Request))
#48 D:\\Belajar\\Laravel\\Sanbercode\\Tugas 6\\IM-Sanbercode-Laravel-Web-Dev\\tugas12laravel\\vendor\\laravel\\framework\\src\\Illuminate\\Foundation\\Http\\Kernel.php(175): Illuminate\\Pipeline\\Pipeline->then(Object(Closure))
#49 D:\\Belajar\\Laravel\\Sanbercode\\Tugas 6\\IM-Sanbercode-Laravel-Web-Dev\\tugas12laravel\\vendor\\laravel\\framework\\src\\Illuminate\\Foundation\\Http\\Kernel.php(144): Illuminate\\Foundation\\Http\\Kernel->sendRequestThroughRouter(Object(Illuminate\\Http\\Request))
#50 D:\\Belajar\\Laravel\\Sanbercode\\Tugas 6\\IM-Sanbercode-Laravel-Web-Dev\\tugas12laravel\\public\\index.php(51): Illuminate\\Foundation\\Http\\Kernel->handle(Object(Illuminate\\Http\\Request))
#51 D:\\Belajar\\Laravel\\Sanbercode\\Tugas 6\\IM-Sanbercode-Laravel-Web-Dev\\tugas12laravel\\vendor\\laravel\\framework\\src\\Illuminate\\Foundation\\resources\\server.php(16): require_once('D:\\\\Belajar\\\\Lara...')
#52 {main}

[previous exception] [object] (Error(code: 0): Undefined constant \"admin\" at D:\\Belajar\\Laravel\\Sanbercode\\Tugas 6\\IM-Sanbercode-Laravel-Web-Dev\\tugas12laravel\\storage\\framework\\views\\d5dddf3a6e0eb55cb4b5a3cec67a7d8d.php:11)
[stacktrace]
#0 D:\\Belajar\\Laravel\\Sanbercode\\Tugas 6\\IM-Sanbercode-Laravel-Web-Dev\\tugas12laravel\\vendor\\laravel\\framework\\src\\Illuminate\\Filesystem\\Filesystem.php(123): require()
#1 D:\\Belajar\\Laravel\\Sanbercode\\Tugas 6\\IM-Sanbercode-Laravel-Web-Dev\\tugas12laravel\\vendor\\laravel\\framework\\src\\Illuminate\\Filesystem\\Filesystem.php(124): Illuminate\\Filesystem\\Filesystem::Illuminate\\Filesystem\\{closure}()
#2 D:\\Belajar\\Laravel\\Sanbercode\\Tugas 6\\IM-Sanbercode-Laravel-Web-Dev\\tugas12laravel\\vendor\\laravel\\framework\\src\\Illuminate\\View\\Engines\\PhpEngine.php(58): Illuminate\\Filesystem\\Filesystem->getRequire('D:\\\\Belajar\\\\Lara...', Array)
#3 D:\\Belajar\\Laravel\\Sanbercode\\Tugas 6\\IM-Sanbercode-Laravel-Web-Dev\\tugas12laravel\\vendor\\laravel\\framework\\src\\Illuminate\\View\\Engines\\CompilerEngine.php(72): Illuminate\\View\\Engines\\PhpEngine->evaluatePath('D:\\\\Belajar\\\\Lara...', Array)
#4 D:\\Belajar\\Laravel\\Sanbercode\\Tugas 6\\IM-Sanbercode-Laravel-Web-Dev\\tugas12laravel\\vendor\\laravel\\framework\\src\\Illuminate\\View\\View.php(207): Illuminate\\View\\Engines\\CompilerEngine->get('D:\\\\Belajar\\\\Lara...', Array)
#5 D:\\Belajar\\Laravel\\Sanbercode\\Tugas 6\\IM-Sanbercode-Laravel-Web-Dev\\tugas12laravel\\vendor\\laravel\\framework\\src\\Illuminate\\View\\View.php(190): Illuminate\\View\\View->getContents()
#6 D:\\Belajar\\Laravel\\Sanbercode\\Tugas 6\\IM-Sanbercode-Laravel-Web-Dev\\tugas12laravel\\vendor\\laravel\\framework\\src\\Illuminate\\View\\View.php(159): Illuminate\\View\\View->renderContents()
#7 D:\\Belajar\\Laravel\\Sanbercode\\Tugas 6\\IM-Sanbercode-Laravel-Web-Dev\\tugas12laravel\\vendor\\laravel\\framework\\src\\Illuminate\\Http\\Response.php(69): Illuminate\\View\\View->render()
#8 D:\\Belajar\\Laravel\\Sanbercode\\Tugas 6\\IM-Sanbercode-Laravel-Web-Dev\\tugas12laravel\\vendor\\laravel\\framework\\src\\Illuminate\\Http\\Response.php(35): Illuminate\\Http\\Response->setContent(Object(Illuminate\\View\\View))
#9 D:\\Belajar\\Laravel\\Sanbercode\\Tugas 6\\IM-Sanbercode-Laravel-Web-Dev\\tugas12laravel\\vendor\\laravel\\framework\\src\\Illuminate\\Routing\\Router.php(918): Illuminate\\Http\\Response->__construct(Object(Illuminate\\View\\View), 200, Array)
#10 D:\\Belajar\\Laravel\\Sanbercode\\Tugas 6\\IM-Sanbercode-Laravel-Web-Dev\\tugas12laravel\\vendor\\laravel\\framework\\src\\Illuminate\\Routing\\Router.php(885): Illuminate\\Routing\\Router::toResponse(Object(Illuminate\\Http\\Request), Object(Illuminate\\View\\View))
#11 D:\\Belajar\\Laravel\\Sanbercode\\Tugas 6\\IM-Sanbercode-Laravel-Web-Dev\\tugas12laravel\\vendor\\laravel\\framework\\src\\Illuminate\\Routing\\Router.php(805): Illuminate\\Routing\\Router->prepareResponse(Object(Illuminate\\Http\\Request), Object(Illuminate\\View\\View))
#12 D:\\Belajar\\Laravel\\Sanbercode\\Tugas 6\\IM-Sanbercode-Laravel-Web-Dev\\tugas12laravel\\vendor\\laravel\\framework\\src\\Illuminate\\Pipeline\\Pipeline.php(144): Illuminate\\Routing\\Router->Illuminate\\Routing\\{closure}(Object(Illuminate\\Http\\Request))
#13 D:\\Belajar\\Laravel\\Sanbercode\\Tugas 6\\IM-Sanbercode-Laravel-Web-Dev\\tugas12laravel\\vendor\\laravel\\framework\\src\\Illuminate\\Routing\\Middleware\\SubstituteBindings.php(50): Illuminate\\Pipeline\\Pipeline->Illuminate\\Pipeline\\{closure}(Object(Illuminate\\Http\\Request))
#14 D:\\Belajar\\Laravel\\Sanbercode\\Tugas 6\\IM-Sanbercode-Laravel-Web-Dev\\tugas12laravel\\vendor\\laravel\\framework\\src\\Illuminate\\Pipeline\\Pipeline.php(183): Illuminate\\Routing\\Middleware\\SubstituteBindings->handle(Object(Illuminate\\Http\\Request), Object(Closure))
#15 D:\\Belajar\\Laravel\\Sanbercode\\Tugas 6\\IM-Sanbercode-Laravel-Web-Dev\\tugas12laravel\\vendor\\laravel\\framework\\src\\Illuminate\\Foundation\\Http\\Middleware\\VerifyCsrfToken.php(78): Illuminate\\Pipeline\\Pipeline->Illuminate\\Pipeline\\{closure}(Object(Illuminate\\Http\\Request))
#16 D:\\Belajar\\Laravel\\Sanbercode\\Tugas 6\\IM-Sanbercode-Laravel-Web-Dev\\tugas12laravel\\vendor\\laravel\\framework\\src\\Illuminate\\Pipeline\\Pipeline.php(183): Illuminate\\Foundation\\Http\\Middleware\\VerifyCsrfToken->handle(Object(Illuminate\\Http\\Request), Object(Closure))
#17 D:\\Belajar\\Laravel\\Sanbercode\\Tugas 6\\IM-Sanbercode-Laravel-Web-Dev\\tugas12laravel\\vendor\\laravel\\framework\\src\\Illuminate\\View\\Middleware\\ShareErrorsFromSession.php(49): Illuminate\\Pipeline\\Pipeline->Illuminate\\Pipeline\\{closure}(Object(Illuminate\\Http\\Request))
#18 D:\\Belajar\\Laravel\\Sanbercode\\Tugas 6\\IM-Sanbercode-Laravel-Web-Dev\\tugas12laravel\\vendor\\laravel\\framework\\src\\Illuminate\\Pipeline\\Pipeline.php(183): Illuminate\\View\\Middleware\\ShareErrorsFromSession->handle(Object(Illuminate\\Http\\Request), Object(Closure))
#19 D:\\Belajar\\Laravel\\Sanbercode\\Tugas 6\\IM-Sanbercode-Laravel-Web-Dev\\tugas12laravel\\vendor\\laravel\\framework\\src\\Illuminate\\Session\\Middleware\\StartSession.php(121): Illuminate\\Pipeline\\Pipeline->Illuminate\\Pipeline\\{closure}(Object(Illuminate\\Http\\Request))
#20 D:\\Belajar\\Laravel\\Sanbercode\\Tugas 6\\IM-Sanbercode-Laravel-Web-Dev\\tugas12laravel\\vendor\\laravel\\framework\\src\\Illuminate\\Session\\Middleware\\StartSession.php(64): Illuminate\\Session\\Middleware\\StartSession->handleStatefulRequest(Object(Illuminate\\Http\\Request), Object(Illuminate\\Session\\Store), Object(Closure))
#21 D:\\Belajar\\Laravel\\Sanbercode\\Tugas 6\\IM-Sanbercode-Laravel-Web-Dev\\tugas12laravel\\vendor\\laravel\\framework\\src\\Illuminate\\Pipeline\\Pipeline.php(183): Illuminate\\Session\\Middleware\\StartSession->handle(Object(Illuminate\\Http\\Request), Object(Closure))
#22 D:\\Belajar\\Laravel\\Sanbercode\\Tugas 6\\IM-Sanbercode-Laravel-Web-Dev\\tugas12laravel\\vendor\\laravel\\framework\\src\\Illuminate\\Cookie\\Middleware\\AddQueuedCookiesToResponse.php(37): Illuminate\\Pipeline\\Pipeline->Illuminate\\Pipeline\\{closure}(Object(Illuminate\\Http\\Request))
#23 D:\\Belajar\\Laravel\\Sanbercode\\Tugas 6\\IM-Sanbercode-Laravel-Web-Dev\\tugas12laravel\\vendor\\laravel\\framework\\src\\Illuminate\\Pipeline\\Pipeline.php(183): Illuminate\\Cookie\\Middleware\\AddQueuedCookiesToResponse->handle(Object(Illuminate\\Http\\Request), Object(Closure))
#24 D:\\Belajar\\Laravel\\Sanbercode\\Tugas 6\\IM-Sanbercode-Laravel-Web-Dev\\tugas12laravel\\vendor\\laravel\\framework\\src\\Illuminate\\Cookie\\Middleware\\EncryptCookies.php(67): Illuminate\\Pipeline\\Pipeline->Illuminate\\Pipeline\\{closure}(Object(Illuminate\\Http\\Request))
#25 D:\\Belajar\\Laravel\\Sanbercode\\Tugas 6\\IM-Sanbercode-Laravel-Web-Dev\\tugas12laravel\\vendor\\laravel\\framework\\src\\Illuminate\\Pipeline\\Pipeline.php(183): Illuminate\\Cookie\\Middleware\\EncryptCookies->handle(Object(Illuminate\\Http\\Request), Object(Closure))
#26 D:\\Belajar\\Laravel\\Sanbercode\\Tugas 6\\IM-Sanbercode-Laravel-Web-Dev\\tugas12laravel\\vendor\\laravel\\framework\\src\\Illuminate\\Pipeline\\Pipeline.php(119): Illuminate\\Pipeline\\Pipeline->Illuminate\\Pipeline\\{closure}(Object(Illuminate\\Http\\Request))
#27 D:\\Belajar\\Laravel\\Sanbercode\\Tugas 6\\IM-Sanbercode-Laravel-Web-Dev\\tugas12laravel\\vendor\\laravel\\framework\\src\\Illuminate\\Routing\\Router.php(805): Illuminate\\Pipeline\\Pipeline->then(Object(Closure))
#28 D:\\Belajar\\Laravel\\Sanbercode\\Tugas 6\\IM-Sanbercode-Laravel-Web-Dev\\tugas12laravel\\vendor\\laravel\\framework\\src\\Illuminate\\Routing\\Router.php(784): Illuminate\\Routing\\Router->runRouteWithinStack(Object(Illuminate\\Routing\\Route), Object(Illuminate\\Http\\Request))
#29 D:\\Belajar\\Laravel\\Sanbercode\\Tugas 6\\IM-Sanbercode-Laravel-Web-Dev\\tugas12laravel\\vendor\\laravel\\framework\\src\\Illuminate\\Routing\\Router.php(748): Illuminate\\Routing\\Router->runRoute(Object(Illuminate\\Http\\Request), Object(Illuminate\\Routing\\Route))
#30 D:\\Belajar\\Laravel\\Sanbercode\\Tugas 6\\IM-Sanbercode-Laravel-Web-Dev\\tugas12laravel\\vendor\\laravel\\framework\\src\\Illuminate\\Routing\\Router.php(737): Illuminate\\Routing\\Router->dispatchToRoute(Object(Illuminate\\Http\\Request))
#31 D:\\Belajar\\Laravel\\Sanbercode\\Tugas 6\\IM-Sanbercode-Laravel-Web-Dev\\tugas12laravel\\vendor\\laravel\\framework\\src\\Illuminate\\Foundation\\Http\\Kernel.php(200): Illuminate\\Routing\\Router->dispatch(Object(Illuminate\\Http\\Request))
#32 D:\\Belajar\\Laravel\\Sanbercode\\Tugas 6\\IM-Sanbercode-Laravel-Web-Dev\\tugas12laravel\\vendor\\laravel\\framework\\src\\Illuminate\\Pipeline\\Pipeline.php(144): Illuminate\\Foundation\\Http\\Kernel->Illuminate\\Foundation\\Http\\{closure}(Object(Illuminate\\Http\\Request))
#33 D:\\Belajar\\Laravel\\Sanbercode\\Tugas 6\\IM-Sanbercode-Laravel-Web-Dev\\tugas12laravel\\vendor\\laravel\\framework\\src\\Illuminate\\Foundation\\Http\\Middleware\\TransformsRequest.php(21): Illuminate\\Pipeline\\Pipeline->Illuminate\\Pipeline\\{closure}(Object(Illuminate\\Http\\Request))
#34 D:\\Belajar\\Laravel\\Sanbercode\\Tugas 6\\IM-Sanbercode-Laravel-Web-Dev\\tugas12laravel\\vendor\\laravel\\framework\\src\\Illuminate\\Foundation\\Http\\Middleware\\ConvertEmptyStringsToNull.php(31): Illuminate\\Foundation\\Http\\Middleware\\TransformsRequest->handle(Object(Illuminate\\Http\\Request), Object(Closure))
#35 D:\\Belajar\\Laravel\\Sanbercode\\Tugas 6\\IM-Sanbercode-Laravel-Web-Dev\\tugas12laravel\\vendor\\laravel\\framework\\src\\Illuminate\\Pipeline\\Pipeline.php(183): Illuminate\\Foundation\\Http\\Middleware\\ConvertEmptyStringsToNull->handle(Object(Illuminate\\Http\\Request), Object(Closure))
#36 D:\\Belajar\\Laravel\\Sanbercode\\Tugas 6\\IM-Sanbercode-Laravel-Web-Dev\\tugas12laravel\\vendor\\laravel\\framework\\src\\Illuminate\\Foundation\\Http\\Middleware\\TransformsRequest.php(21): Illuminate\\Pipeline\\Pipeline->Illuminate\\Pipeline\\{closure}(Object(Illuminate\\Http\\Request))
#37 D:\\Belajar\\Laravel\\Sanbercode\\Tugas 6\\IM-Sanbercode-Laravel-Web-Dev\\tugas12laravel\\vendor\\laravel\\framework\\src\\Illuminate\\Foundation\\Http\\Middleware\\TrimStrings.php(40): Illuminate\\Foundation\\Http\\Middleware\\TransformsRequest->handle(Object(Illuminate\\Http\\Request), Object(Closure))
#38 D:\\Belajar\\Laravel\\Sanbercode\\Tugas 6\\IM-Sanbercode-Laravel-Web-Dev\\tugas12laravel\\vendor\\laravel\\framework\\src\\Illuminate\\Pipeline\\Pipeline.php(183): Illuminate\\Foundation\\Http\\Middleware\\TrimStrings->handle(Object(Illuminate\\Http\\Request), Object(Closure))
#39 D:\\Belajar\\Laravel\\Sanbercode\\Tugas 6\\IM-Sanbercode-Laravel-Web-Dev\\tugas12laravel\\vendor\\laravel\\framework\\src\\Illuminate\\Foundation\\Http\\Middleware\\ValidatePostSize.php(27): Illuminate\\Pipeline\\Pipeline->Illuminate\\Pipeline\\{closure}(Object(Illuminate\\Http\\Request))
#40 D:\\Belajar\\Laravel\\Sanbercode\\Tugas 6\\IM-Sanbercode-Laravel-Web-Dev\\tugas12laravel\\vendor\\laravel\\framework\\src\\Illuminate\\Pipeline\\Pipeline.php(183): Illuminate\\Foundation\\Http\\Middleware\\ValidatePostSize->handle(Object(Illuminate\\Http\\Request), Object(Closure))
#41 D:\\Belajar\\Laravel\\Sanbercode\\Tugas 6\\IM-Sanbercode-Laravel-Web-Dev\\tugas12laravel\\vendor\\laravel\\framework\\src\\Illuminate\\Foundation\\Http\\Middleware\\PreventRequestsDuringMaintenance.php(99): Illuminate\\Pipeline\\Pipeline->Illuminate\\Pipeline\\{closure}(Object(Illuminate\\Http\\Request))
#42 D:\\Belajar\\Laravel\\Sanbercode\\Tugas 6\\IM-Sanbercode-Laravel-Web-Dev\\tugas12laravel\\vendor\\laravel\\framework\\src\\Illuminate\\Pipeline\\Pipeline.php(183): Illuminate\\Foundation\\Http\\Middleware\\PreventRequestsDuringMaintenance->handle(Object(Illuminate\\Http\\Request), Object(Closure))
#43 D:\\Belajar\\Laravel\\Sanbercode\\Tugas 6\\IM-Sanbercode-Laravel-Web-Dev\\tugas12laravel\\vendor\\laravel\\framework\\src\\Illuminate\\Http\\Middleware\\HandleCors.php(49): Illuminate\\Pipeline\\Pipeline->Illuminate\\Pipeline\\{closure}(Object(Illuminate\\Http\\Request))
#44 D:\\Belajar\\Laravel\\Sanbercode\\Tugas 6\\IM-Sanbercode-Laravel-Web-Dev\\tugas12laravel\\vendor\\laravel\\framework\\src\\Illuminate\\Pipeline\\Pipeline.php(183): Illuminate\\Http\\Middleware\\HandleCors->handle(Object(Illuminate\\Http\\Request), Object(Closure))
#45 D:\\Belajar\\Laravel\\Sanbercode\\Tugas 6\\IM-Sanbercode-Laravel-Web-Dev\\tugas12laravel\\vendor\\laravel\\framework\\src\\Illuminate\\Http\\Middleware\\TrustProxies.php(39): Illuminate\\Pipeline\\Pipeline->Illuminate\\Pipeline\\{closure}(Object(Illuminate\\Http\\Request))
#46 D:\\Belajar\\Laravel\\Sanbercode\\Tugas 6\\IM-Sanbercode-Laravel-Web-Dev\\tugas12laravel\\vendor\\laravel\\framework\\src\\Illuminate\\Pipeline\\Pipeline.php(183): Illuminate\\Http\\Middleware\\TrustProxies->handle(Object(Illuminate\\Http\\Request), Object(Closure))
#47 D:\\Belajar\\Laravel\\Sanbercode\\Tugas 6\\IM-Sanbercode-Laravel-Web-Dev\\tugas12laravel\\vendor\\laravel\\framework\\src\\Illuminate\\Pipeline\\Pipeline.php(119): Illuminate\\Pipeline\\Pipeline->Illuminate\\Pipeline\\{closure}(Object(Illuminate\\Http\\Request))
#48 D:\\Belajar\\Laravel\\Sanbercode\\Tugas 6\\IM-Sanbercode-Laravel-Web-Dev\\tugas12laravel\\vendor\\laravel\\framework\\src\\Illuminate\\Foundation\\Http\\Kernel.php(175): Illuminate\\Pipeline\\Pipeline->then(Object(Closure))
#49 D:\\Belajar\\Laravel\\Sanbercode\\Tugas 6\\IM-Sanbercode-Laravel-Web-Dev\\tugas12laravel\\vendor\\laravel\\framework\\src\\Illuminate\\Foundation\\Http\\Kernel.php(144): Illuminate\\Foundation\\Http\\Kernel->sendRequestThroughRouter(Object(Illuminate\\Http\\Request))
#50 D:\\Belajar\\Laravel\\Sanbercode\\Tugas 6\\IM-Sanbercode-Laravel-Web-Dev\\tugas12laravel\\public\\index.php(51): Illuminate\\Foundation\\Http\\Kernel->handle(Object(Illuminate\\Http\\Request))
#51 D:\\Belajar\\Laravel\\Sanbercode\\Tugas 6\\IM-Sanbercode-Laravel-Web-Dev\\tugas12laravel\\vendor\\laravel\\framework\\src\\Illuminate\\Foundation\\resources\\server.php(16): require_once('D:\\\\Belajar\\\\Lara...')
#52 {main}
"} 
[2024-07-31 14:30:34] local.ERROR: Undefined constant "Admin" {"view":{"view":"D:\\Belajar\\Laravel\\Sanbercode\\Tugas 6\\IM-Sanbercode-Laravel-Web-Dev\\tugas12laravel\\resources\\views\\layouts\\master.blade.php","data":{"errors":"<pre class=sf-dump id=sf-dump-201635745 data-indent-pad=\"  \"><span class=sf-dump-note>Illuminate\\Support\\ViewErrorBag</span> {<a class=sf-dump-ref>#283</a><samp data-depth=1 class=sf-dump-expanded>
  #<span class=sf-dump-protected title=\"Protected property\">bags</span>: []
</samp>}
</pre><script>Sfdump(\"sf-dump-201635745\", {\"maxDepth\":3,\"maxStringLength\":160})</script>
"}},"exception":"[object] (Spatie\\LaravelIgnition\\Exceptions\\ViewException(code: 0): Undefined constant \"Admin\" at D:\\Belajar\\Laravel\\Sanbercode\\Tugas 6\\IM-Sanbercode-Laravel-Web-Dev\\tugas12laravel\\resources\\views\\layouts\\master.blade.php:11)
[stacktrace]
#0 D:\\Belajar\\Laravel\\Sanbercode\\Tugas 6\\IM-Sanbercode-Laravel-Web-Dev\\tugas12laravel\\vendor\\laravel\\framework\\src\\Illuminate\\Filesystem\\Filesystem.php(123): require()
#1 D:\\Belajar\\Laravel\\Sanbercode\\Tugas 6\\IM-Sanbercode-Laravel-Web-Dev\\tugas12laravel\\vendor\\laravel\\framework\\src\\Illuminate\\Filesystem\\Filesystem.php(124): Illuminate\\Filesystem\\Filesystem::Illuminate\\Filesystem\\{closure}()
#2 D:\\Belajar\\Laravel\\Sanbercode\\Tugas 6\\IM-Sanbercode-Laravel-Web-Dev\\tugas12laravel\\vendor\\laravel\\framework\\src\\Illuminate\\View\\Engines\\PhpEngine.php(58): Illuminate\\Filesystem\\Filesystem->getRequire('D:\\\\Belajar\\\\Lara...', Array)
#3 D:\\Belajar\\Laravel\\Sanbercode\\Tugas 6\\IM-Sanbercode-Laravel-Web-Dev\\tugas12laravel\\vendor\\laravel\\framework\\src\\Illuminate\\View\\Engines\\CompilerEngine.php(72): Illuminate\\View\\Engines\\PhpEngine->evaluatePath('D:\\\\Belajar\\\\Lara...', Array)
#4 D:\\Belajar\\Laravel\\Sanbercode\\Tugas 6\\IM-Sanbercode-Laravel-Web-Dev\\tugas12laravel\\vendor\\laravel\\framework\\src\\Illuminate\\View\\View.php(207): Illuminate\\View\\Engines\\CompilerEngine->get('D:\\\\Belajar\\\\Lara...', Array)
#5 D:\\Belajar\\Laravel\\Sanbercode\\Tugas 6\\IM-Sanbercode-Laravel-Web-Dev\\tugas12laravel\\vendor\\laravel\\framework\\src\\Illuminate\\View\\View.php(190): Illuminate\\View\\View->getContents()
#6 D:\\Belajar\\Laravel\\Sanbercode\\Tugas 6\\IM-Sanbercode-Laravel-Web-Dev\\tugas12laravel\\vendor\\laravel\\framework\\src\\Illuminate\\View\\View.php(159): Illuminate\\View\\View->renderContents()
#7 D:\\Belajar\\Laravel\\Sanbercode\\Tugas 6\\IM-Sanbercode-Laravel-Web-Dev\\tugas12laravel\\vendor\\laravel\\framework\\src\\Illuminate\\Http\\Response.php(69): Illuminate\\View\\View->render()
#8 D:\\Belajar\\Laravel\\Sanbercode\\Tugas 6\\IM-Sanbercode-Laravel-Web-Dev\\tugas12laravel\\vendor\\laravel\\framework\\src\\Illuminate\\Http\\Response.php(35): Illuminate\\Http\\Response->setContent(Object(Illuminate\\View\\View))
#9 D:\\Belajar\\Laravel\\Sanbercode\\Tugas 6\\IM-Sanbercode-Laravel-Web-Dev\\tugas12laravel\\vendor\\laravel\\framework\\src\\Illuminate\\Routing\\Router.php(918): Illuminate\\Http\\Response->__construct(Object(Illuminate\\View\\View), 200, Array)
#10 D:\\Belajar\\Laravel\\Sanbercode\\Tugas 6\\IM-Sanbercode-Laravel-Web-Dev\\tugas12laravel\\vendor\\laravel\\framework\\src\\Illuminate\\Routing\\Router.php(885): Illuminate\\Routing\\Router::toResponse(Object(Illuminate\\Http\\Request), Object(Illuminate\\View\\View))
#11 D:\\Belajar\\Laravel\\Sanbercode\\Tugas 6\\IM-Sanbercode-Laravel-Web-Dev\\tugas12laravel\\vendor\\laravel\\framework\\src\\Illuminate\\Routing\\Router.php(805): Illuminate\\Routing\\Router->prepareResponse(Object(Illuminate\\Http\\Request), Object(Illuminate\\View\\View))
#12 D:\\Belajar\\Laravel\\Sanbercode\\Tugas 6\\IM-Sanbercode-Laravel-Web-Dev\\tugas12laravel\\vendor\\laravel\\framework\\src\\Illuminate\\Pipeline\\Pipeline.php(144): Illuminate\\Routing\\Router->Illuminate\\Routing\\{closure}(Object(Illuminate\\Http\\Request))
#13 D:\\Belajar\\Laravel\\Sanbercode\\Tugas 6\\IM-Sanbercode-Laravel-Web-Dev\\tugas12laravel\\vendor\\laravel\\framework\\src\\Illuminate\\Routing\\Middleware\\SubstituteBindings.php(50): Illuminate\\Pipeline\\Pipeline->Illuminate\\Pipeline\\{closure}(Object(Illuminate\\Http\\Request))
#14 D:\\Belajar\\Laravel\\Sanbercode\\Tugas 6\\IM-Sanbercode-Laravel-Web-Dev\\tugas12laravel\\vendor\\laravel\\framework\\src\\Illuminate\\Pipeline\\Pipeline.php(183): Illuminate\\Routing\\Middleware\\SubstituteBindings->handle(Object(Illuminate\\Http\\Request), Object(Closure))
#15 D:\\Belajar\\Laravel\\Sanbercode\\Tugas 6\\IM-Sanbercode-Laravel-Web-Dev\\tugas12laravel\\vendor\\laravel\\framework\\src\\Illuminate\\Foundation\\Http\\Middleware\\VerifyCsrfToken.php(78): Illuminate\\Pipeline\\Pipeline->Illuminate\\Pipeline\\{closure}(Object(Illuminate\\Http\\Request))
#16 D:\\Belajar\\Laravel\\Sanbercode\\Tugas 6\\IM-Sanbercode-Laravel-Web-Dev\\tugas12laravel\\vendor\\laravel\\framework\\src\\Illuminate\\Pipeline\\Pipeline.php(183): Illuminate\\Foundation\\Http\\Middleware\\VerifyCsrfToken->handle(Object(Illuminate\\Http\\Request), Object(Closure))
#17 D:\\Belajar\\Laravel\\Sanbercode\\Tugas 6\\IM-Sanbercode-Laravel-Web-Dev\\tugas12laravel\\vendor\\laravel\\framework\\src\\Illuminate\\View\\Middleware\\ShareErrorsFromSession.php(49): Illuminate\\Pipeline\\Pipeline->Illuminate\\Pipeline\\{closure}(Object(Illuminate\\Http\\Request))
#18 D:\\Belajar\\Laravel\\Sanbercode\\Tugas 6\\IM-Sanbercode-Laravel-Web-Dev\\tugas12laravel\\vendor\\laravel\\framework\\src\\Illuminate\\Pipeline\\Pipeline.php(183): Illuminate\\View\\Middleware\\ShareErrorsFromSession->handle(Object(Illuminate\\Http\\Request), Object(Closure))
#19 D:\\Belajar\\Laravel\\Sanbercode\\Tugas 6\\IM-Sanbercode-Laravel-Web-Dev\\tugas12laravel\\vendor\\laravel\\framework\\src\\Illuminate\\Session\\Middleware\\StartSession.php(121): Illuminate\\Pipeline\\Pipeline->Illuminate\\Pipeline\\{closure}(Object(Illuminate\\Http\\Request))
#20 D:\\Belajar\\Laravel\\Sanbercode\\Tugas 6\\IM-Sanbercode-Laravel-Web-Dev\\tugas12laravel\\vendor\\laravel\\framework\\src\\Illuminate\\Session\\Middleware\\StartSession.php(64): Illuminate\\Session\\Middleware\\StartSession->handleStatefulRequest(Object(Illuminate\\Http\\Request), Object(Illuminate\\Session\\Store), Object(Closure))
#21 D:\\Belajar\\Laravel\\Sanbercode\\Tugas 6\\IM-Sanbercode-Laravel-Web-Dev\\tugas12laravel\\vendor\\laravel\\framework\\src\\Illuminate\\Pipeline\\Pipeline.php(183): Illuminate\\Session\\Middleware\\StartSession->handle(Object(Illuminate\\Http\\Request), Object(Closure))
#22 D:\\Belajar\\Laravel\\Sanbercode\\Tugas 6\\IM-Sanbercode-Laravel-Web-Dev\\tugas12laravel\\vendor\\laravel\\framework\\src\\Illuminate\\Cookie\\Middleware\\AddQueuedCookiesToResponse.php(37): Illuminate\\Pipeline\\Pipeline->Illuminate\\Pipeline\\{closure}(Object(Illuminate\\Http\\Request))
#23 D:\\Belajar\\Laravel\\Sanbercode\\Tugas 6\\IM-Sanbercode-Laravel-Web-Dev\\tugas12laravel\\vendor\\laravel\\framework\\src\\Illuminate\\Pipeline\\Pipeline.php(183): Illuminate\\Cookie\\Middleware\\AddQueuedCookiesToResponse->handle(Object(Illuminate\\Http\\Request), Object(Closure))
#24 D:\\Belajar\\Laravel\\Sanbercode\\Tugas 6\\IM-Sanbercode-Laravel-Web-Dev\\tugas12laravel\\vendor\\laravel\\framework\\src\\Illuminate\\Cookie\\Middleware\\EncryptCookies.php(67): Illuminate\\Pipeline\\Pipeline->Illuminate\\Pipeline\\{closure}(Object(Illuminate\\Http\\Request))
#25 D:\\Belajar\\Laravel\\Sanbercode\\Tugas 6\\IM-Sanbercode-Laravel-Web-Dev\\tugas12laravel\\vendor\\laravel\\framework\\src\\Illuminate\\Pipeline\\Pipeline.php(183): Illuminate\\Cookie\\Middleware\\EncryptCookies->handle(Object(Illuminate\\Http\\Request), Object(Closure))
#26 D:\\Belajar\\Laravel\\Sanbercode\\Tugas 6\\IM-Sanbercode-Laravel-Web-Dev\\tugas12laravel\\vendor\\laravel\\framework\\src\\Illuminate\\Pipeline\\Pipeline.php(119): Illuminate\\Pipeline\\Pipeline->Illuminate\\Pipeline\\{closure}(Object(Illuminate\\Http\\Request))
#27 D:\\Belajar\\Laravel\\Sanbercode\\Tugas 6\\IM-Sanbercode-Laravel-Web-Dev\\tugas12laravel\\vendor\\laravel\\framework\\src\\Illuminate\\Routing\\Router.php(805): Illuminate\\Pipeline\\Pipeline->then(Object(Closure))
#28 D:\\Belajar\\Laravel\\Sanbercode\\Tugas 6\\IM-Sanbercode-Laravel-Web-Dev\\tugas12laravel\\vendor\\laravel\\framework\\src\\Illuminate\\Routing\\Router.php(784): Illuminate\\Routing\\Router->runRouteWithinStack(Object(Illuminate\\Routing\\Route), Object(Illuminate\\Http\\Request))
#29 D:\\Belajar\\Laravel\\Sanbercode\\Tugas 6\\IM-Sanbercode-Laravel-Web-Dev\\tugas12laravel\\vendor\\laravel\\framework\\src\\Illuminate\\Routing\\Router.php(748): Illuminate\\Routing\\Router->runRoute(Object(Illuminate\\Http\\Request), Object(Illuminate\\Routing\\Route))
#30 D:\\Belajar\\Laravel\\Sanbercode\\Tugas 6\\IM-Sanbercode-Laravel-Web-Dev\\tugas12laravel\\vendor\\laravel\\framework\\src\\Illuminate\\Routing\\Router.php(737): Illuminate\\Routing\\Router->dispatchToRoute(Object(Illuminate\\Http\\Request))
#31 D:\\Belajar\\Laravel\\Sanbercode\\Tugas 6\\IM-Sanbercode-Laravel-Web-Dev\\tugas12laravel\\vendor\\laravel\\framework\\src\\Illuminate\\Foundation\\Http\\Kernel.php(200): Illuminate\\Routing\\Router->dispatch(Object(Illuminate\\Http\\Request))
#32 D:\\Belajar\\Laravel\\Sanbercode\\Tugas 6\\IM-Sanbercode-Laravel-Web-Dev\\tugas12laravel\\vendor\\laravel\\framework\\src\\Illuminate\\Pipeline\\Pipeline.php(144): Illuminate\\Foundation\\Http\\Kernel->Illuminate\\Foundation\\Http\\{closure}(Object(Illuminate\\Http\\Request))
#33 D:\\Belajar\\Laravel\\Sanbercode\\Tugas 6\\IM-Sanbercode-Laravel-Web-Dev\\tugas12laravel\\vendor\\laravel\\framework\\src\\Illuminate\\Foundation\\Http\\Middleware\\TransformsRequest.php(21): Illuminate\\Pipeline\\Pipeline->Illuminate\\Pipeline\\{closure}(Object(Illuminate\\Http\\Request))
#34 D:\\Belajar\\Laravel\\Sanbercode\\Tugas 6\\IM-Sanbercode-Laravel-Web-Dev\\tugas12laravel\\vendor\\laravel\\framework\\src\\Illuminate\\Foundation\\Http\\Middleware\\ConvertEmptyStringsToNull.php(31): Illuminate\\Foundation\\Http\\Middleware\\TransformsRequest->handle(Object(Illuminate\\Http\\Request), Object(Closure))
#35 D:\\Belajar\\Laravel\\Sanbercode\\Tugas 6\\IM-Sanbercode-Laravel-Web-Dev\\tugas12laravel\\vendor\\laravel\\framework\\src\\Illuminate\\Pipeline\\Pipeline.php(183): Illuminate\\Foundation\\Http\\Middleware\\ConvertEmptyStringsToNull->handle(Object(Illuminate\\Http\\Request), Object(Closure))
#36 D:\\Belajar\\Laravel\\Sanbercode\\Tugas 6\\IM-Sanbercode-Laravel-Web-Dev\\tugas12laravel\\vendor\\laravel\\framework\\src\\Illuminate\\Foundation\\Http\\Middleware\\TransformsRequest.php(21): Illuminate\\Pipeline\\Pipeline->Illuminate\\Pipeline\\{closure}(Object(Illuminate\\Http\\Request))
#37 D:\\Belajar\\Laravel\\Sanbercode\\Tugas 6\\IM-Sanbercode-Laravel-Web-Dev\\tugas12laravel\\vendor\\laravel\\framework\\src\\Illuminate\\Foundation\\Http\\Middleware\\TrimStrings.php(40): Illuminate\\Foundation\\Http\\Middleware\\TransformsRequest->handle(Object(Illuminate\\Http\\Request), Object(Closure))
#38 D:\\Belajar\\Laravel\\Sanbercode\\Tugas 6\\IM-Sanbercode-Laravel-Web-Dev\\tugas12laravel\\vendor\\laravel\\framework\\src\\Illuminate\\Pipeline\\Pipeline.php(183): Illuminate\\Foundation\\Http\\Middleware\\TrimStrings->handle(Object(Illuminate\\Http\\Request), Object(Closure))
#39 D:\\Belajar\\Laravel\\Sanbercode\\Tugas 6\\IM-Sanbercode-Laravel-Web-Dev\\tugas12laravel\\vendor\\laravel\\framework\\src\\Illuminate\\Foundation\\Http\\Middleware\\ValidatePostSize.php(27): Illuminate\\Pipeline\\Pipeline->Illuminate\\Pipeline\\{closure}(Object(Illuminate\\Http\\Request))
#40 D:\\Belajar\\Laravel\\Sanbercode\\Tugas 6\\IM-Sanbercode-Laravel-Web-Dev\\tugas12laravel\\vendor\\laravel\\framework\\src\\Illuminate\\Pipeline\\Pipeline.php(183): Illuminate\\Foundation\\Http\\Middleware\\ValidatePostSize->handle(Object(Illuminate\\Http\\Request), Object(Closure))
#41 D:\\Belajar\\Laravel\\Sanbercode\\Tugas 6\\IM-Sanbercode-Laravel-Web-Dev\\tugas12laravel\\vendor\\laravel\\framework\\src\\Illuminate\\Foundation\\Http\\Middleware\\PreventRequestsDuringMaintenance.php(99): Illuminate\\Pipeline\\Pipeline->Illuminate\\Pipeline\\{closure}(Object(Illuminate\\Http\\Request))
#42 D:\\Belajar\\Laravel\\Sanbercode\\Tugas 6\\IM-Sanbercode-Laravel-Web-Dev\\tugas12laravel\\vendor\\laravel\\framework\\src\\Illuminate\\Pipeline\\Pipeline.php(183): Illuminate\\Foundation\\Http\\Middleware\\PreventRequestsDuringMaintenance->handle(Object(Illuminate\\Http\\Request), Object(Closure))
#43 D:\\Belajar\\Laravel\\Sanbercode\\Tugas 6\\IM-Sanbercode-Laravel-Web-Dev\\tugas12laravel\\vendor\\laravel\\framework\\src\\Illuminate\\Http\\Middleware\\HandleCors.php(49): Illuminate\\Pipeline\\Pipeline->Illuminate\\Pipeline\\{closure}(Object(Illuminate\\Http\\Request))
#44 D:\\Belajar\\Laravel\\Sanbercode\\Tugas 6\\IM-Sanbercode-Laravel-Web-Dev\\tugas12laravel\\vendor\\laravel\\framework\\src\\Illuminate\\Pipeline\\Pipeline.php(183): Illuminate\\Http\\Middleware\\HandleCors->handle(Object(Illuminate\\Http\\Request), Object(Closure))
#45 D:\\Belajar\\Laravel\\Sanbercode\\Tugas 6\\IM-Sanbercode-Laravel-Web-Dev\\tugas12laravel\\vendor\\laravel\\framework\\src\\Illuminate\\Http\\Middleware\\TrustProxies.php(39): Illuminate\\Pipeline\\Pipeline->Illuminate\\Pipeline\\{closure}(Object(Illuminate\\Http\\Request))
#46 D:\\Belajar\\Laravel\\Sanbercode\\Tugas 6\\IM-Sanbercode-Laravel-Web-Dev\\tugas12laravel\\vendor\\laravel\\framework\\src\\Illuminate\\Pipeline\\Pipeline.php(183): Illuminate\\Http\\Middleware\\TrustProxies->handle(Object(Illuminate\\Http\\Request), Object(Closure))
#47 D:\\Belajar\\Laravel\\Sanbercode\\Tugas 6\\IM-Sanbercode-Laravel-Web-Dev\\tugas12laravel\\vendor\\laravel\\framework\\src\\Illuminate\\Pipeline\\Pipeline.php(119): Illuminate\\Pipeline\\Pipeline->Illuminate\\Pipeline\\{closure}(Object(Illuminate\\Http\\Request))
#48 D:\\Belajar\\Laravel\\Sanbercode\\Tugas 6\\IM-Sanbercode-Laravel-Web-Dev\\tugas12laravel\\vendor\\laravel\\framework\\src\\Illuminate\\Foundation\\Http\\Kernel.php(175): Illuminate\\Pipeline\\Pipeline->then(Object(Closure))
#49 D:\\Belajar\\Laravel\\Sanbercode\\Tugas 6\\IM-Sanbercode-Laravel-Web-Dev\\tugas12laravel\\vendor\\laravel\\framework\\src\\Illuminate\\Foundation\\Http\\Kernel.php(144): Illuminate\\Foundation\\Http\\Kernel->sendRequestThroughRouter(Object(Illuminate\\Http\\Request))
#50 D:\\Belajar\\Laravel\\Sanbercode\\Tugas 6\\IM-Sanbercode-Laravel-Web-Dev\\tugas12laravel\\public\\index.php(51): Illuminate\\Foundation\\Http\\Kernel->handle(Object(Illuminate\\Http\\Request))
#51 D:\\Belajar\\Laravel\\Sanbercode\\Tugas 6\\IM-Sanbercode-Laravel-Web-Dev\\tugas12laravel\\vendor\\laravel\\framework\\src\\Illuminate\\Foundation\\resources\\server.php(16): require_once('D:\\\\Belajar\\\\Lara...')
#52 {main}

[previous exception] [object] (Error(code: 0): Undefined constant \"Admin\" at D:\\Belajar\\Laravel\\Sanbercode\\Tugas 6\\IM-Sanbercode-Laravel-Web-Dev\\tugas12laravel\\storage\\framework\\views\\d5dddf3a6e0eb55cb4b5a3cec67a7d8d.php:11)
[stacktrace]
#0 D:\\Belajar\\Laravel\\Sanbercode\\Tugas 6\\IM-Sanbercode-Laravel-Web-Dev\\tugas12laravel\\vendor\\laravel\\framework\\src\\Illuminate\\Filesystem\\Filesystem.php(123): require()
#1 D:\\Belajar\\Laravel\\Sanbercode\\Tugas 6\\IM-Sanbercode-Laravel-Web-Dev\\tugas12laravel\\vendor\\laravel\\framework\\src\\Illuminate\\Filesystem\\Filesystem.php(124): Illuminate\\Filesystem\\Filesystem::Illuminate\\Filesystem\\{closure}()
#2 D:\\Belajar\\Laravel\\Sanbercode\\Tugas 6\\IM-Sanbercode-Laravel-Web-Dev\\tugas12laravel\\vendor\\laravel\\framework\\src\\Illuminate\\View\\Engines\\PhpEngine.php(58): Illuminate\\Filesystem\\Filesystem->getRequire('D:\\\\Belajar\\\\Lara...', Array)
#3 D:\\Belajar\\Laravel\\Sanbercode\\Tugas 6\\IM-Sanbercode-Laravel-Web-Dev\\tugas12laravel\\vendor\\laravel\\framework\\src\\Illuminate\\View\\Engines\\CompilerEngine.php(72): Illuminate\\View\\Engines\\PhpEngine->evaluatePath('D:\\\\Belajar\\\\Lara...', Array)
#4 D:\\Belajar\\Laravel\\Sanbercode\\Tugas 6\\IM-Sanbercode-Laravel-Web-Dev\\tugas12laravel\\vendor\\laravel\\framework\\src\\Illuminate\\View\\View.php(207): Illuminate\\View\\Engines\\CompilerEngine->get('D:\\\\Belajar\\\\Lara...', Array)
#5 D:\\Belajar\\Laravel\\Sanbercode\\Tugas 6\\IM-Sanbercode-Laravel-Web-Dev\\tugas12laravel\\vendor\\laravel\\framework\\src\\Illuminate\\View\\View.php(190): Illuminate\\View\\View->getContents()
#6 D:\\Belajar\\Laravel\\Sanbercode\\Tugas 6\\IM-Sanbercode-Laravel-Web-Dev\\tugas12laravel\\vendor\\laravel\\framework\\src\\Illuminate\\View\\View.php(159): Illuminate\\View\\View->renderContents()
#7 D:\\Belajar\\Laravel\\Sanbercode\\Tugas 6\\IM-Sanbercode-Laravel-Web-Dev\\tugas12laravel\\vendor\\laravel\\framework\\src\\Illuminate\\Http\\Response.php(69): Illuminate\\View\\View->render()
#8 D:\\Belajar\\Laravel\\Sanbercode\\Tugas 6\\IM-Sanbercode-Laravel-Web-Dev\\tugas12laravel\\vendor\\laravel\\framework\\src\\Illuminate\\Http\\Response.php(35): Illuminate\\Http\\Response->setContent(Object(Illuminate\\View\\View))
#9 D:\\Belajar\\Laravel\\Sanbercode\\Tugas 6\\IM-Sanbercode-Laravel-Web-Dev\\tugas12laravel\\vendor\\laravel\\framework\\src\\Illuminate\\Routing\\Router.php(918): Illuminate\\Http\\Response->__construct(Object(Illuminate\\View\\View), 200, Array)
#10 D:\\Belajar\\Laravel\\Sanbercode\\Tugas 6\\IM-Sanbercode-Laravel-Web-Dev\\tugas12laravel\\vendor\\laravel\\framework\\src\\Illuminate\\Routing\\Router.php(885): Illuminate\\Routing\\Router::toResponse(Object(Illuminate\\Http\\Request), Object(Illuminate\\View\\View))
#11 D:\\Belajar\\Laravel\\Sanbercode\\Tugas 6\\IM-Sanbercode-Laravel-Web-Dev\\tugas12laravel\\vendor\\laravel\\framework\\src\\Illuminate\\Routing\\Router.php(805): Illuminate\\Routing\\Router->prepareResponse(Object(Illuminate\\Http\\Request), Object(Illuminate\\View\\View))
#12 D:\\Belajar\\Laravel\\Sanbercode\\Tugas 6\\IM-Sanbercode-Laravel-Web-Dev\\tugas12laravel\\vendor\\laravel\\framework\\src\\Illuminate\\Pipeline\\Pipeline.php(144): Illuminate\\Routing\\Router->Illuminate\\Routing\\{closure}(Object(Illuminate\\Http\\Request))
#13 D:\\Belajar\\Laravel\\Sanbercode\\Tugas 6\\IM-Sanbercode-Laravel-Web-Dev\\tugas12laravel\\vendor\\laravel\\framework\\src\\Illuminate\\Routing\\Middleware\\SubstituteBindings.php(50): Illuminate\\Pipeline\\Pipeline->Illuminate\\Pipeline\\{closure}(Object(Illuminate\\Http\\Request))
#14 D:\\Belajar\\Laravel\\Sanbercode\\Tugas 6\\IM-Sanbercode-Laravel-Web-Dev\\tugas12laravel\\vendor\\laravel\\framework\\src\\Illuminate\\Pipeline\\Pipeline.php(183): Illuminate\\Routing\\Middleware\\SubstituteBindings->handle(Object(Illuminate\\Http\\Request), Object(Closure))
#15 D:\\Belajar\\Laravel\\Sanbercode\\Tugas 6\\IM-Sanbercode-Laravel-Web-Dev\\tugas12laravel\\vendor\\laravel\\framework\\src\\Illuminate\\Foundation\\Http\\Middleware\\VerifyCsrfToken.php(78): Illuminate\\Pipeline\\Pipeline->Illuminate\\Pipeline\\{closure}(Object(Illuminate\\Http\\Request))
#16 D:\\Belajar\\Laravel\\Sanbercode\\Tugas 6\\IM-Sanbercode-Laravel-Web-Dev\\tugas12laravel\\vendor\\laravel\\framework\\src\\Illuminate\\Pipeline\\Pipeline.php(183): Illuminate\\Foundation\\Http\\Middleware\\VerifyCsrfToken->handle(Object(Illuminate\\Http\\Request), Object(Closure))
#17 D:\\Belajar\\Laravel\\Sanbercode\\Tugas 6\\IM-Sanbercode-Laravel-Web-Dev\\tugas12laravel\\vendor\\laravel\\framework\\src\\Illuminate\\View\\Middleware\\ShareErrorsFromSession.php(49): Illuminate\\Pipeline\\Pipeline->Illuminate\\Pipeline\\{closure}(Object(Illuminate\\Http\\Request))
#18 D:\\Belajar\\Laravel\\Sanbercode\\Tugas 6\\IM-Sanbercode-Laravel-Web-Dev\\tugas12laravel\\vendor\\laravel\\framework\\src\\Illuminate\\Pipeline\\Pipeline.php(183): Illuminate\\View\\Middleware\\ShareErrorsFromSession->handle(Object(Illuminate\\Http\\Request), Object(Closure))
#19 D:\\Belajar\\Laravel\\Sanbercode\\Tugas 6\\IM-Sanbercode-Laravel-Web-Dev\\tugas12laravel\\vendor\\laravel\\framework\\src\\Illuminate\\Session\\Middleware\\StartSession.php(121): Illuminate\\Pipeline\\Pipeline->Illuminate\\Pipeline\\{closure}(Object(Illuminate\\Http\\Request))
#20 D:\\Belajar\\Laravel\\Sanbercode\\Tugas 6\\IM-Sanbercode-Laravel-Web-Dev\\tugas12laravel\\vendor\\laravel\\framework\\src\\Illuminate\\Session\\Middleware\\StartSession.php(64): Illuminate\\Session\\Middleware\\StartSession->handleStatefulRequest(Object(Illuminate\\Http\\Request), Object(Illuminate\\Session\\Store), Object(Closure))
#21 D:\\Belajar\\Laravel\\Sanbercode\\Tugas 6\\IM-Sanbercode-Laravel-Web-Dev\\tugas12laravel\\vendor\\laravel\\framework\\src\\Illuminate\\Pipeline\\Pipeline.php(183): Illuminate\\Session\\Middleware\\StartSession->handle(Object(Illuminate\\Http\\Request), Object(Closure))
#22 D:\\Belajar\\Laravel\\Sanbercode\\Tugas 6\\IM-Sanbercode-Laravel-Web-Dev\\tugas12laravel\\vendor\\laravel\\framework\\src\\Illuminate\\Cookie\\Middleware\\AddQueuedCookiesToResponse.php(37): Illuminate\\Pipeline\\Pipeline->Illuminate\\Pipeline\\{closure}(Object(Illuminate\\Http\\Request))
#23 D:\\Belajar\\Laravel\\Sanbercode\\Tugas 6\\IM-Sanbercode-Laravel-Web-Dev\\tugas12laravel\\vendor\\laravel\\framework\\src\\Illuminate\\Pipeline\\Pipeline.php(183): Illuminate\\Cookie\\Middleware\\AddQueuedCookiesToResponse->handle(Object(Illuminate\\Http\\Request), Object(Closure))
#24 D:\\Belajar\\Laravel\\Sanbercode\\Tugas 6\\IM-Sanbercode-Laravel-Web-Dev\\tugas12laravel\\vendor\\laravel\\framework\\src\\Illuminate\\Cookie\\Middleware\\EncryptCookies.php(67): Illuminate\\Pipeline\\Pipeline->Illuminate\\Pipeline\\{closure}(Object(Illuminate\\Http\\Request))
#25 D:\\Belajar\\Laravel\\Sanbercode\\Tugas 6\\IM-Sanbercode-Laravel-Web-Dev\\tugas12laravel\\vendor\\laravel\\framework\\src\\Illuminate\\Pipeline\\Pipeline.php(183): Illuminate\\Cookie\\Middleware\\EncryptCookies->handle(Object(Illuminate\\Http\\Request), Object(Closure))
#26 D:\\Belajar\\Laravel\\Sanbercode\\Tugas 6\\IM-Sanbercode-Laravel-Web-Dev\\tugas12laravel\\vendor\\laravel\\framework\\src\\Illuminate\\Pipeline\\Pipeline.php(119): Illuminate\\Pipeline\\Pipeline->Illuminate\\Pipeline\\{closure}(Object(Illuminate\\Http\\Request))
#27 D:\\Belajar\\Laravel\\Sanbercode\\Tugas 6\\IM-Sanbercode-Laravel-Web-Dev\\tugas12laravel\\vendor\\laravel\\framework\\src\\Illuminate\\Routing\\Router.php(805): Illuminate\\Pipeline\\Pipeline->then(Object(Closure))
#28 D:\\Belajar\\Laravel\\Sanbercode\\Tugas 6\\IM-Sanbercode-Laravel-Web-Dev\\tugas12laravel\\vendor\\laravel\\framework\\src\\Illuminate\\Routing\\Router.php(784): Illuminate\\Routing\\Router->runRouteWithinStack(Object(Illuminate\\Routing\\Route), Object(Illuminate\\Http\\Request))
#29 D:\\Belajar\\Laravel\\Sanbercode\\Tugas 6\\IM-Sanbercode-Laravel-Web-Dev\\tugas12laravel\\vendor\\laravel\\framework\\src\\Illuminate\\Routing\\Router.php(748): Illuminate\\Routing\\Router->runRoute(Object(Illuminate\\Http\\Request), Object(Illuminate\\Routing\\Route))
#30 D:\\Belajar\\Laravel\\Sanbercode\\Tugas 6\\IM-Sanbercode-Laravel-Web-Dev\\tugas12laravel\\vendor\\laravel\\framework\\src\\Illuminate\\Routing\\Router.php(737): Illuminate\\Routing\\Router->dispatchToRoute(Object(Illuminate\\Http\\Request))
#31 D:\\Belajar\\Laravel\\Sanbercode\\Tugas 6\\IM-Sanbercode-Laravel-Web-Dev\\tugas12laravel\\vendor\\laravel\\framework\\src\\Illuminate\\Foundation\\Http\\Kernel.php(200): Illuminate\\Routing\\Router->dispatch(Object(Illuminate\\Http\\Request))
#32 D:\\Belajar\\Laravel\\Sanbercode\\Tugas 6\\IM-Sanbercode-Laravel-Web-Dev\\tugas12laravel\\vendor\\laravel\\framework\\src\\Illuminate\\Pipeline\\Pipeline.php(144): Illuminate\\Foundation\\Http\\Kernel->Illuminate\\Foundation\\Http\\{closure}(Object(Illuminate\\Http\\Request))
#33 D:\\Belajar\\Laravel\\Sanbercode\\Tugas 6\\IM-Sanbercode-Laravel-Web-Dev\\tugas12laravel\\vendor\\laravel\\framework\\src\\Illuminate\\Foundation\\Http\\Middleware\\TransformsRequest.php(21): Illuminate\\Pipeline\\Pipeline->Illuminate\\Pipeline\\{closure}(Object(Illuminate\\Http\\Request))
#34 D:\\Belajar\\Laravel\\Sanbercode\\Tugas 6\\IM-Sanbercode-Laravel-Web-Dev\\tugas12laravel\\vendor\\laravel\\framework\\src\\Illuminate\\Foundation\\Http\\Middleware\\ConvertEmptyStringsToNull.php(31): Illuminate\\Foundation\\Http\\Middleware\\TransformsRequest->handle(Object(Illuminate\\Http\\Request), Object(Closure))
#35 D:\\Belajar\\Laravel\\Sanbercode\\Tugas 6\\IM-Sanbercode-Laravel-Web-Dev\\tugas12laravel\\vendor\\laravel\\framework\\src\\Illuminate\\Pipeline\\Pipeline.php(183): Illuminate\\Foundation\\Http\\Middleware\\ConvertEmptyStringsToNull->handle(Object(Illuminate\\Http\\Request), Object(Closure))
#36 D:\\Belajar\\Laravel\\Sanbercode\\Tugas 6\\IM-Sanbercode-Laravel-Web-Dev\\tugas12laravel\\vendor\\laravel\\framework\\src\\Illuminate\\Foundation\\Http\\Middleware\\TransformsRequest.php(21): Illuminate\\Pipeline\\Pipeline->Illuminate\\Pipeline\\{closure}(Object(Illuminate\\Http\\Request))
#37 D:\\Belajar\\Laravel\\Sanbercode\\Tugas 6\\IM-Sanbercode-Laravel-Web-Dev\\tugas12laravel\\vendor\\laravel\\framework\\src\\Illuminate\\Foundation\\Http\\Middleware\\TrimStrings.php(40): Illuminate\\Foundation\\Http\\Middleware\\TransformsRequest->handle(Object(Illuminate\\Http\\Request), Object(Closure))
#38 D:\\Belajar\\Laravel\\Sanbercode\\Tugas 6\\IM-Sanbercode-Laravel-Web-Dev\\tugas12laravel\\vendor\\laravel\\framework\\src\\Illuminate\\Pipeline\\Pipeline.php(183): Illuminate\\Foundation\\Http\\Middleware\\TrimStrings->handle(Object(Illuminate\\Http\\Request), Object(Closure))
#39 D:\\Belajar\\Laravel\\Sanbercode\\Tugas 6\\IM-Sanbercode-Laravel-Web-Dev\\tugas12laravel\\vendor\\laravel\\framework\\src\\Illuminate\\Foundation\\Http\\Middleware\\ValidatePostSize.php(27): Illuminate\\Pipeline\\Pipeline->Illuminate\\Pipeline\\{closure}(Object(Illuminate\\Http\\Request))
#40 D:\\Belajar\\Laravel\\Sanbercode\\Tugas 6\\IM-Sanbercode-Laravel-Web-Dev\\tugas12laravel\\vendor\\laravel\\framework\\src\\Illuminate\\Pipeline\\Pipeline.php(183): Illuminate\\Foundation\\Http\\Middleware\\ValidatePostSize->handle(Object(Illuminate\\Http\\Request), Object(Closure))
#41 D:\\Belajar\\Laravel\\Sanbercode\\Tugas 6\\IM-Sanbercode-Laravel-Web-Dev\\tugas12laravel\\vendor\\laravel\\framework\\src\\Illuminate\\Foundation\\Http\\Middleware\\PreventRequestsDuringMaintenance.php(99): Illuminate\\Pipeline\\Pipeline->Illuminate\\Pipeline\\{closure}(Object(Illuminate\\Http\\Request))
#42 D:\\Belajar\\Laravel\\Sanbercode\\Tugas 6\\IM-Sanbercode-Laravel-Web-Dev\\tugas12laravel\\vendor\\laravel\\framework\\src\\Illuminate\\Pipeline\\Pipeline.php(183): Illuminate\\Foundation\\Http\\Middleware\\PreventRequestsDuringMaintenance->handle(Object(Illuminate\\Http\\Request), Object(Closure))
#43 D:\\Belajar\\Laravel\\Sanbercode\\Tugas 6\\IM-Sanbercode-Laravel-Web-Dev\\tugas12laravel\\vendor\\laravel\\framework\\src\\Illuminate\\Http\\Middleware\\HandleCors.php(49): Illuminate\\Pipeline\\Pipeline->Illuminate\\Pipeline\\{closure}(Object(Illuminate\\Http\\Request))
#44 D:\\Belajar\\Laravel\\Sanbercode\\Tugas 6\\IM-Sanbercode-Laravel-Web-Dev\\tugas12laravel\\vendor\\laravel\\framework\\src\\Illuminate\\Pipeline\\Pipeline.php(183): Illuminate\\Http\\Middleware\\HandleCors->handle(Object(Illuminate\\Http\\Request), Object(Closure))
#45 D:\\Belajar\\Laravel\\Sanbercode\\Tugas 6\\IM-Sanbercode-Laravel-Web-Dev\\tugas12laravel\\vendor\\laravel\\framework\\src\\Illuminate\\Http\\Middleware\\TrustProxies.php(39): Illuminate\\Pipeline\\Pipeline->Illuminate\\Pipeline\\{closure}(Object(Illuminate\\Http\\Request))
#46 D:\\Belajar\\Laravel\\Sanbercode\\Tugas 6\\IM-Sanbercode-Laravel-Web-Dev\\tugas12laravel\\vendor\\laravel\\framework\\src\\Illuminate\\Pipeline\\Pipeline.php(183): Illuminate\\Http\\Middleware\\TrustProxies->handle(Object(Illuminate\\Http\\Request), Object(Closure))
#47 D:\\Belajar\\Laravel\\Sanbercode\\Tugas 6\\IM-Sanbercode-Laravel-Web-Dev\\tugas12laravel\\vendor\\laravel\\framework\\src\\Illuminate\\Pipeline\\Pipeline.php(119): Illuminate\\Pipeline\\Pipeline->Illuminate\\Pipeline\\{closure}(Object(Illuminate\\Http\\Request))
#48 D:\\Belajar\\Laravel\\Sanbercode\\Tugas 6\\IM-Sanbercode-Laravel-Web-Dev\\tugas12laravel\\vendor\\laravel\\framework\\src\\Illuminate\\Foundation\\Http\\Kernel.php(175): Illuminate\\Pipeline\\Pipeline->then(Object(Closure))
#49 D:\\Belajar\\Laravel\\Sanbercode\\Tugas 6\\IM-Sanbercode-Laravel-Web-Dev\\tugas12laravel\\vendor\\laravel\\framework\\src\\Illuminate\\Foundation\\Http\\Kernel.php(144): Illuminate\\Foundation\\Http\\Kernel->sendRequestThroughRouter(Object(Illuminate\\Http\\Request))
#50 D:\\Belajar\\Laravel\\Sanbercode\\Tugas 6\\IM-Sanbercode-Laravel-Web-Dev\\tugas12laravel\\public\\index.php(51): Illuminate\\Foundation\\Http\\Kernel->handle(Object(Illuminate\\Http\\Request))
#51 D:\\Belajar\\Laravel\\Sanbercode\\Tugas 6\\IM-Sanbercode-Laravel-Web-Dev\\tugas12laravel\\vendor\\laravel\\framework\\src\\Illuminate\\Foundation\\resources\\server.php(16): require_once('D:\\\\Belajar\\\\Lara...')
#52 {main}
"} 
